[2025-11-27T23:02:08.437+0000] {local_task_job_runner.py:120} INFO - ::group::Pre task execution logs
[2025-11-27T23:02:08.468+0000] {taskinstance.py:2076} INFO - Dependencies all met for dep_context=non-requeueable deps ti=<TaskInstance: ingest_data_dag.send_alerts scheduled__2025-11-27T23:00:00+00:00 [queued]>
[2025-11-27T23:02:08.476+0000] {taskinstance.py:2076} INFO - Dependencies all met for dep_context=requeueable deps ti=<TaskInstance: ingest_data_dag.send_alerts scheduled__2025-11-27T23:00:00+00:00 [queued]>
[2025-11-27T23:02:08.477+0000] {taskinstance.py:2306} INFO - Starting attempt 1 of 1
[2025-11-27T23:02:08.488+0000] {taskinstance.py:2330} INFO - Executing <Task(PythonOperator): send_alerts> on 2025-11-27 23:00:00+00:00
[2025-11-27T23:02:08.494+0000] {warnings.py:110} WARNING - /home/airflow/.local/lib/python3.12/site-packages/airflow/task/task_runner/standard_task_runner.py:61: DeprecationWarning: This process (pid=283) is multi-threaded, use of fork() may lead to deadlocks in the child.
  pid = os.fork()

[2025-11-27T23:02:08.495+0000] {standard_task_runner.py:63} INFO - Started process 300 to run task
[2025-11-27T23:02:08.496+0000] {standard_task_runner.py:90} INFO - Running: ['airflow', 'tasks', 'run', 'ingest_data_dag', 'send_alerts', 'scheduled__2025-11-27T23:00:00+00:00', '--job-id', '2731', '--raw', '--subdir', 'DAGS_FOLDER/ingest_data_dag.py', '--cfg-path', '/tmp/tmptrrks7ia']
[2025-11-27T23:02:08.496+0000] {standard_task_runner.py:91} INFO - Job 2731: Subtask send_alerts
[2025-11-27T23:02:08.523+0000] {task_command.py:426} INFO - Running <TaskInstance: ingest_data_dag.send_alerts scheduled__2025-11-27T23:00:00+00:00 [running]> on host 1e5250160f66
[2025-11-27T23:02:08.571+0000] {taskinstance.py:2648} INFO - Exporting env vars: AIRFLOW_CTX_DAG_OWNER='airflow' AIRFLOW_CTX_DAG_ID='ingest_data_dag' AIRFLOW_CTX_TASK_ID='send_alerts' AIRFLOW_CTX_EXECUTION_DATE='2025-11-27T23:00:00+00:00' AIRFLOW_CTX_TRY_NUMBER='1' AIRFLOW_CTX_DAG_RUN_ID='scheduled__2025-11-27T23:00:00+00:00'
[2025-11-27T23:02:08.572+0000] {taskinstance.py:430} INFO - ::endgroup::
[2025-11-27T23:02:08.602+0000] {warnings.py:110} WARNING - /opt/airflow/dags/ingest_data_dag.py:242: DeprecationWarning: datetime.datetime.utcnow() is deprecated and scheduled for removal in a future version. Use timezone-aware objects to represent datetimes in UTC: datetime.datetime.now(datetime.UTC).
  timestamp = datetime.utcnow().strftime("%Y%m%d_%H%M%S")

[2025-11-27T23:02:08.602+0000] {warnings.py:110} WARNING - /opt/airflow/dags/ingest_data_dag.py:267: DeprecationWarning: datetime.datetime.utcnow() is deprecated and scheduled for removal in a future version. Use timezone-aware objects to represent datetimes in UTC: datetime.datetime.now(datetime.UTC).
  <p>Generated at: {datetime.utcnow().isoformat()} UTC</p>

[2025-11-27T23:02:08.611+0000] {logging_mixin.py:188} INFO - 📄 [send_alerts] HTML report generated at: /opt/airflow/reports/ge_report_chunk_330_20251127_230208.html
[2025-11-27T23:02:09.754+0000] {logging_mixin.py:188} INFO - 📣 [send_alerts] Teams response: 200 1
[2025-11-27T23:02:09.754+0000] {logging_mixin.py:188} INFO - 📣 [send_alerts] Message sent (or attempted) to Teams: **DATA QUALITY ALERT**

- File: `/opt/airflow/raw-data/chunk_330.csv`
- Criticality: **LOW**
- GE success ratio: `1.00`
- Invalid ratio: `0.000`
- Report path (Airflow): `/opt/airflow/reports/ge_report_chunk_330_20251127_230208.html`
[2025-11-27T23:02:09.756+0000] {python.py:237} INFO - Done. Returned value was: None
[2025-11-27T23:02:09.757+0000] {taskinstance.py:441} INFO - ::group::Post task execution logs
[2025-11-27T23:02:09.763+0000] {taskinstance.py:1206} INFO - Marking task as SUCCESS. dag_id=ingest_data_dag, task_id=send_alerts, run_id=scheduled__2025-11-27T23:00:00+00:00, execution_date=20251127T230000, start_date=20251127T230208, end_date=20251127T230209
[2025-11-27T23:02:09.841+0000] {local_task_job_runner.py:240} INFO - Task exited with return code 0
[2025-11-27T23:02:09.855+0000] {taskinstance.py:3498} INFO - 0 downstream tasks scheduled from follow-on schedule check
[2025-11-27T23:02:09.856+0000] {local_task_job_runner.py:222} INFO - ::endgroup::
