[2025-11-13T22:01:38.443+0000] {local_task_job_runner.py:120} INFO - ::group::Pre task execution logs
[2025-11-13T22:01:38.457+0000] {taskinstance.py:2076} INFO - Dependencies all met for dep_context=non-requeueable deps ti=<TaskInstance: prediction_dag.make_predictions scheduled__2025-11-12T00:00:00+00:00 [queued]>
[2025-11-13T22:01:38.461+0000] {taskinstance.py:2076} INFO - Dependencies all met for dep_context=requeueable deps ti=<TaskInstance: prediction_dag.make_predictions scheduled__2025-11-12T00:00:00+00:00 [queued]>
[2025-11-13T22:01:38.461+0000] {taskinstance.py:2306} INFO - Starting attempt 1 of 1
[2025-11-13T22:01:38.469+0000] {taskinstance.py:2330} INFO - Executing <Task(PythonOperator): make_predictions> on 2025-11-12 00:00:00+00:00
[2025-11-13T22:01:38.473+0000] {standard_task_runner.py:90} INFO - Running: ['airflow', 'tasks', 'run', 'prediction_dag', 'make_predictions', 'scheduled__2025-11-12T00:00:00+00:00', '--job-id', '10', '--raw', '--subdir', 'DAGS_FOLDER/prediction_dag.py', '--cfg-path', '/tmp/tmpklnq052u']
[2025-11-13T22:01:38.475+0000] {standard_task_runner.py:91} INFO - Job 10: Subtask make_predictions
[2025-11-13T22:01:38.480+0000] {logging_mixin.py:188} WARNING - /home/airflow/.local/lib/python3.12/site-packages/airflow/task/task_runner/standard_task_runner.py:61 DeprecationWarning: This process (pid=117) is multi-threaded, use of fork() may lead to deadlocks in the child.
[2025-11-13T22:01:38.481+0000] {standard_task_runner.py:63} INFO - Started process 126 to run task
[2025-11-13T22:01:38.503+0000] {task_command.py:426} INFO - Running <TaskInstance: prediction_dag.make_predictions scheduled__2025-11-12T00:00:00+00:00 [running]> on host 8b181cc14653
[2025-11-13T22:01:38.537+0000] {taskinstance.py:2648} INFO - Exporting env vars: AIRFLOW_CTX_DAG_OWNER='airflow' AIRFLOW_CTX_DAG_ID='prediction_dag' AIRFLOW_CTX_TASK_ID='make_predictions' AIRFLOW_CTX_EXECUTION_DATE='2025-11-12T00:00:00+00:00' AIRFLOW_CTX_TRY_NUMBER='1' AIRFLOW_CTX_DAG_RUN_ID='scheduled__2025-11-12T00:00:00+00:00'
[2025-11-13T22:01:38.538+0000] {taskinstance.py:430} INFO - ::endgroup::
[2025-11-13T22:01:38.550+0000] {logging_mixin.py:188} INFO - 📂 Processing file: /opt/airflow/good-data/chunk_107.csv
[2025-11-13T22:01:38.706+0000] {logging_mixin.py:188} INFO - ✅ Saved predictions to /opt/airflow/predictions/pred_chunk_107.csv
[2025-11-13T22:01:38.706+0000] {logging_mixin.py:188} INFO - 📂 Processing file: /opt/airflow/good-data/chunk_948.csv
[2025-11-13T22:01:38.750+0000] {logging_mixin.py:188} INFO - ✅ Saved predictions to /opt/airflow/predictions/pred_chunk_948.csv
[2025-11-13T22:01:38.751+0000] {logging_mixin.py:188} INFO - 📂 Processing file: /opt/airflow/good-data/chunk_595.csv
[2025-11-13T22:01:38.794+0000] {logging_mixin.py:188} INFO - ✅ Saved predictions to /opt/airflow/predictions/pred_chunk_595.csv
[2025-11-13T22:01:38.795+0000] {python.py:237} INFO - Done. Returned value was: None
[2025-11-13T22:01:38.795+0000] {taskinstance.py:441} INFO - ::group::Post task execution logs
[2025-11-13T22:01:38.799+0000] {taskinstance.py:1206} INFO - Marking task as SUCCESS. dag_id=prediction_dag, task_id=make_predictions, run_id=scheduled__2025-11-12T00:00:00+00:00, execution_date=20251112T000000, start_date=20251113T220138, end_date=20251113T220138
[2025-11-13T22:01:38.826+0000] {local_task_job_runner.py:240} INFO - Task exited with return code 0
[2025-11-13T22:01:38.834+0000] {taskinstance.py:3498} INFO - 0 downstream tasks scheduled from follow-on schedule check
[2025-11-13T22:01:38.835+0000] {local_task_job_runner.py:222} INFO - ::endgroup::
