[2025-11-07T22:51:00.842+0000] {local_task_job_runner.py:120} INFO - ::group::Pre task execution logs
[2025-11-07T22:51:00.853+0000] {taskinstance.py:2076} INFO - Dependencies all met for dep_context=non-requeueable deps ti=<TaskInstance: prediction_dag.make_predictions manual__2025-11-07T22:50:55.299350+00:00 [queued]>
[2025-11-07T22:51:00.856+0000] {taskinstance.py:2076} INFO - Dependencies all met for dep_context=requeueable deps ti=<TaskInstance: prediction_dag.make_predictions manual__2025-11-07T22:50:55.299350+00:00 [queued]>
[2025-11-07T22:51:00.856+0000] {taskinstance.py:2306} INFO - Starting attempt 1 of 1
[2025-11-07T22:51:00.864+0000] {taskinstance.py:2330} INFO - Executing <Task(PythonOperator): make_predictions> on 2025-11-07 22:50:55.299350+00:00
[2025-11-07T22:51:00.869+0000] {standard_task_runner.py:90} INFO - Running: ['airflow', 'tasks', 'run', 'prediction_dag', 'make_predictions', 'manual__2025-11-07T22:50:55.299350+00:00', '--job-id', '46', '--raw', '--subdir', 'DAGS_FOLDER/prediction_dag.py', '--cfg-path', '/tmp/tmp3sae8_cp']
[2025-11-07T22:51:00.870+0000] {standard_task_runner.py:91} INFO - Job 46: Subtask make_predictions
[2025-11-07T22:51:00.870+0000] {logging_mixin.py:188} WARNING - /home/airflow/.local/lib/python3.12/site-packages/airflow/task/task_runner/standard_task_runner.py:61 DeprecationWarning: This process (pid=38) is multi-threaded, use of fork() may lead to deadlocks in the child.
[2025-11-07T22:51:00.871+0000] {standard_task_runner.py:63} INFO - Started process 47 to run task
[2025-11-07T22:51:00.892+0000] {task_command.py:426} INFO - Running <TaskInstance: prediction_dag.make_predictions manual__2025-11-07T22:50:55.299350+00:00 [running]> on host e3984cc13369
[2025-11-07T22:51:00.924+0000] {taskinstance.py:2648} INFO - Exporting env vars: AIRFLOW_CTX_DAG_OWNER='airflow' AIRFLOW_CTX_DAG_ID='prediction_dag' AIRFLOW_CTX_TASK_ID='make_predictions' AIRFLOW_CTX_EXECUTION_DATE='2025-11-07T22:50:55.299350+00:00' AIRFLOW_CTX_TRY_NUMBER='1' AIRFLOW_CTX_DAG_RUN_ID='manual__2025-11-07T22:50:55.299350+00:00'
[2025-11-07T22:51:00.925+0000] {taskinstance.py:430} INFO - ::endgroup::
[2025-11-07T22:51:00.936+0000] {logging_mixin.py:188} INFO - 📂 Processing file: /opt/airflow/good-data/chunk_0.csv
[2025-11-07T22:51:00.947+0000] {logging_mixin.py:188} INFO - ❌ Failed to predict chunk_0.csv: Out of range float values are not JSON compliant: nan
[2025-11-07T22:51:00.947+0000] {python.py:237} INFO - Done. Returned value was: None
[2025-11-07T22:51:00.948+0000] {taskinstance.py:441} INFO - ::group::Post task execution logs
[2025-11-07T22:51:00.950+0000] {taskinstance.py:1206} INFO - Marking task as SUCCESS. dag_id=prediction_dag, task_id=make_predictions, run_id=manual__2025-11-07T22:50:55.299350+00:00, execution_date=20251107T225055, start_date=20251107T225100, end_date=20251107T225100
[2025-11-07T22:51:00.971+0000] {local_task_job_runner.py:240} INFO - Task exited with return code 0
[2025-11-07T22:51:00.976+0000] {taskinstance.py:3498} INFO - 0 downstream tasks scheduled from follow-on schedule check
[2025-11-07T22:51:00.977+0000] {local_task_job_runner.py:222} INFO - ::endgroup::
