[2025-11-08T00:09:02.994+0000] {local_task_job_runner.py:120} INFO - ::group::Pre task execution logs
[2025-11-08T00:09:03.006+0000] {taskinstance.py:2076} INFO - Dependencies all met for dep_context=non-requeueable deps ti=<TaskInstance: prediction_dag.make_predictions manual__2025-11-08T00:08:55.632213+00:00 [queued]>
[2025-11-08T00:09:03.010+0000] {taskinstance.py:2076} INFO - Dependencies all met for dep_context=requeueable deps ti=<TaskInstance: prediction_dag.make_predictions manual__2025-11-08T00:08:55.632213+00:00 [queued]>
[2025-11-08T00:09:03.010+0000] {taskinstance.py:2306} INFO - Starting attempt 1 of 1
[2025-11-08T00:09:03.019+0000] {taskinstance.py:2330} INFO - Executing <Task(PythonOperator): make_predictions> on 2025-11-08 00:08:55.632213+00:00
[2025-11-08T00:09:03.025+0000] {standard_task_runner.py:90} INFO - Running: ['airflow', 'tasks', 'run', 'prediction_dag', 'make_predictions', 'manual__2025-11-08T00:08:55.632213+00:00', '--job-id', '79', '--raw', '--subdir', 'DAGS_FOLDER/prediction_dag.py', '--cfg-path', '/tmp/tmp2z3qwu4u']
[2025-11-08T00:09:03.027+0000] {standard_task_runner.py:91} INFO - Job 79: Subtask make_predictions
[2025-11-08T00:09:03.031+0000] {logging_mixin.py:188} WARNING - /home/airflow/.local/lib/python3.12/site-packages/airflow/task/task_runner/standard_task_runner.py:61 DeprecationWarning: This process (pid=80) is multi-threaded, use of fork() may lead to deadlocks in the child.
[2025-11-08T00:09:03.031+0000] {standard_task_runner.py:63} INFO - Started process 89 to run task
[2025-11-08T00:09:03.057+0000] {task_command.py:426} INFO - Running <TaskInstance: prediction_dag.make_predictions manual__2025-11-08T00:08:55.632213+00:00 [running]> on host 799a38efef4e
[2025-11-08T00:09:03.101+0000] {taskinstance.py:2648} INFO - Exporting env vars: AIRFLOW_CTX_DAG_OWNER='airflow' AIRFLOW_CTX_DAG_ID='prediction_dag' AIRFLOW_CTX_TASK_ID='make_predictions' AIRFLOW_CTX_EXECUTION_DATE='2025-11-08T00:08:55.632213+00:00' AIRFLOW_CTX_TRY_NUMBER='1' AIRFLOW_CTX_DAG_RUN_ID='manual__2025-11-08T00:08:55.632213+00:00'
[2025-11-08T00:09:03.102+0000] {taskinstance.py:430} INFO - ::endgroup::
[2025-11-08T00:09:03.115+0000] {logging_mixin.py:188} INFO - 📂 Processing file: /opt/airflow/good-data/chunk_638.csv
[2025-11-08T00:09:03.369+0000] {logging_mixin.py:188} INFO - ✅ Saved predictions to /opt/airflow/predictions/pred_chunk_638.csv
[2025-11-08T00:09:03.369+0000] {logging_mixin.py:188} INFO - 📂 Processing file: /opt/airflow/good-data/chunk_463.csv
[2025-11-08T00:09:03.413+0000] {logging_mixin.py:188} INFO - ✅ Saved predictions to /opt/airflow/predictions/pred_chunk_463.csv
[2025-11-08T00:09:03.414+0000] {logging_mixin.py:188} INFO - 📂 Processing file: /opt/airflow/good-data/chunk_500.csv
[2025-11-08T00:09:03.455+0000] {logging_mixin.py:188} INFO - ✅ Saved predictions to /opt/airflow/predictions/pred_chunk_500.csv
[2025-11-08T00:09:03.455+0000] {logging_mixin.py:188} INFO - 📂 Processing file: /opt/airflow/good-data/chunk_742.csv
[2025-11-08T00:09:03.496+0000] {logging_mixin.py:188} INFO - ✅ Saved predictions to /opt/airflow/predictions/pred_chunk_742.csv
[2025-11-08T00:09:03.497+0000] {python.py:237} INFO - Done. Returned value was: None
[2025-11-08T00:09:03.497+0000] {taskinstance.py:441} INFO - ::group::Post task execution logs
[2025-11-08T00:09:03.501+0000] {taskinstance.py:1206} INFO - Marking task as SUCCESS. dag_id=prediction_dag, task_id=make_predictions, run_id=manual__2025-11-08T00:08:55.632213+00:00, execution_date=20251108T000855, start_date=20251108T000903, end_date=20251108T000903
[2025-11-08T00:09:03.540+0000] {local_task_job_runner.py:240} INFO - Task exited with return code 0
[2025-11-08T00:09:03.548+0000] {taskinstance.py:3498} INFO - 0 downstream tasks scheduled from follow-on schedule check
[2025-11-08T00:09:03.548+0000] {local_task_job_runner.py:222} INFO - ::endgroup::
