[2025-11-27T19:19:15.342+0000] {local_task_job_runner.py:120} INFO - ::group::Pre task execution logs
[2025-11-27T19:19:15.381+0000] {taskinstance.py:2076} INFO - Dependencies all met for dep_context=non-requeueable deps ti=<TaskInstance: ingest_data_dag.save_statistics scheduled__2025-11-27T19:18:00+00:00 [queued]>
[2025-11-27T19:19:15.389+0000] {taskinstance.py:2076} INFO - Dependencies all met for dep_context=requeueable deps ti=<TaskInstance: ingest_data_dag.save_statistics scheduled__2025-11-27T19:18:00+00:00 [queued]>
[2025-11-27T19:19:15.389+0000] {taskinstance.py:2306} INFO - Starting attempt 1 of 1
[2025-11-27T19:19:15.401+0000] {taskinstance.py:2330} INFO - Executing <Task(PythonOperator): save_statistics> on 2025-11-27 19:18:00+00:00
[2025-11-27T19:19:15.412+0000] {warnings.py:110} WARNING - /home/airflow/.local/lib/python3.12/site-packages/airflow/task/task_runner/standard_task_runner.py:61: DeprecationWarning: This process (pid=3924) is multi-threaded, use of fork() may lead to deadlocks in the child.
  pid = os.fork()

[2025-11-27T19:19:15.413+0000] {standard_task_runner.py:63} INFO - Started process 3941 to run task
[2025-11-27T19:19:15.414+0000] {standard_task_runner.py:90} INFO - Running: ['airflow', 'tasks', 'run', 'ingest_data_dag', 'save_statistics', 'scheduled__2025-11-27T19:18:00+00:00', '--job-id', '1738', '--raw', '--subdir', 'DAGS_FOLDER/ingest_data_dag.py', '--cfg-path', '/tmp/tmpkhyjadvb']
[2025-11-27T19:19:15.414+0000] {standard_task_runner.py:91} INFO - Job 1738: Subtask save_statistics
[2025-11-27T19:19:15.445+0000] {task_command.py:426} INFO - Running <TaskInstance: ingest_data_dag.save_statistics scheduled__2025-11-27T19:18:00+00:00 [running]> on host c76b7a4b7ca3
[2025-11-27T19:19:15.491+0000] {taskinstance.py:2648} INFO - Exporting env vars: AIRFLOW_CTX_DAG_OWNER='airflow' AIRFLOW_CTX_DAG_ID='ingest_data_dag' AIRFLOW_CTX_TASK_ID='save_statistics' AIRFLOW_CTX_EXECUTION_DATE='2025-11-27T19:18:00+00:00' AIRFLOW_CTX_TRY_NUMBER='1' AIRFLOW_CTX_DAG_RUN_ID='scheduled__2025-11-27T19:18:00+00:00'
[2025-11-27T19:19:15.492+0000] {taskinstance.py:430} INFO - ::endgroup::
[2025-11-27T19:19:15.506+0000] {logging_mixin.py:188} INFO - INGESTION STATS: {'file_path': '/opt/airflow/raw-data/chunk_127.csv', 'nb_rows': 7, 'nb_valid_rows': 7, 'nb_invalid_rows': 0, 'error_counts': {'missing_values': 0}, 'invalid_ratio': 0.0, 'pandas_criticality': 'low', 'ge_success': False, 'ge_success_ratio': 0.0, 'ge_criticality': 'HIGH', 'ge_report_url': None, 'criticality': 'high'}
[2025-11-27T19:19:15.506+0000] {python.py:237} INFO - Done. Returned value was: None
[2025-11-27T19:19:15.506+0000] {taskinstance.py:441} INFO - ::group::Post task execution logs
[2025-11-27T19:19:15.510+0000] {taskinstance.py:1206} INFO - Marking task as SUCCESS. dag_id=ingest_data_dag, task_id=save_statistics, run_id=scheduled__2025-11-27T19:18:00+00:00, execution_date=20251127T191800, start_date=20251127T191915, end_date=20251127T191915
[2025-11-27T19:19:15.554+0000] {local_task_job_runner.py:240} INFO - Task exited with return code 0
[2025-11-27T19:19:15.563+0000] {taskinstance.py:3498} INFO - 0 downstream tasks scheduled from follow-on schedule check
[2025-11-27T19:19:15.563+0000] {local_task_job_runner.py:222} INFO - ::endgroup::
