[2025-11-07T23:16:38.441+0000] {local_task_job_runner.py:120} INFO - ::group::Pre task execution logs
[2025-11-07T23:16:38.454+0000] {taskinstance.py:2076} INFO - Dependencies all met for dep_context=non-requeueable deps ti=<TaskInstance: prediction_dag.make_predictions manual__2025-11-07T23:16:32.738431+00:00 [queued]>
[2025-11-07T23:16:38.458+0000] {taskinstance.py:2076} INFO - Dependencies all met for dep_context=requeueable deps ti=<TaskInstance: prediction_dag.make_predictions manual__2025-11-07T23:16:32.738431+00:00 [queued]>
[2025-11-07T23:16:38.458+0000] {taskinstance.py:2306} INFO - Starting attempt 1 of 1
[2025-11-07T23:16:38.468+0000] {taskinstance.py:2330} INFO - Executing <Task(PythonOperator): make_predictions> on 2025-11-07 23:16:32.738431+00:00
[2025-11-07T23:16:38.474+0000] {standard_task_runner.py:90} INFO - Running: ['airflow', 'tasks', 'run', 'prediction_dag', 'make_predictions', 'manual__2025-11-07T23:16:32.738431+00:00', '--job-id', '57', '--raw', '--subdir', 'DAGS_FOLDER/prediction_dag.py', '--cfg-path', '/tmp/tmpatn12uh1']
[2025-11-07T23:16:38.477+0000] {standard_task_runner.py:91} INFO - Job 57: Subtask make_predictions
[2025-11-07T23:16:38.477+0000] {logging_mixin.py:188} WARNING - /home/airflow/.local/lib/python3.12/site-packages/airflow/task/task_runner/standard_task_runner.py:61 DeprecationWarning: This process (pid=50) is multi-threaded, use of fork() may lead to deadlocks in the child.
[2025-11-07T23:16:38.478+0000] {standard_task_runner.py:63} INFO - Started process 59 to run task
[2025-11-07T23:16:38.503+0000] {task_command.py:426} INFO - Running <TaskInstance: prediction_dag.make_predictions manual__2025-11-07T23:16:32.738431+00:00 [running]> on host 7074cc6cba04
[2025-11-07T23:16:38.541+0000] {taskinstance.py:2648} INFO - Exporting env vars: AIRFLOW_CTX_DAG_OWNER='airflow' AIRFLOW_CTX_DAG_ID='prediction_dag' AIRFLOW_CTX_TASK_ID='make_predictions' AIRFLOW_CTX_EXECUTION_DATE='2025-11-07T23:16:32.738431+00:00' AIRFLOW_CTX_TRY_NUMBER='1' AIRFLOW_CTX_DAG_RUN_ID='manual__2025-11-07T23:16:32.738431+00:00'
[2025-11-07T23:16:38.541+0000] {taskinstance.py:430} INFO - ::endgroup::
[2025-11-07T23:16:38.552+0000] {logging_mixin.py:188} INFO - 📂 Processing file: /opt/airflow/good-data/chunk_0.csv
[2025-11-07T23:16:38.614+0000] {logging_mixin.py:188} INFO - ❌ Failed to predict chunk_0.csv: 500 Server Error: Internal Server Error for url: http://dsp_api:8000/predict
[2025-11-07T23:16:38.615+0000] {python.py:237} INFO - Done. Returned value was: None
[2025-11-07T23:16:38.615+0000] {taskinstance.py:441} INFO - ::group::Post task execution logs
[2025-11-07T23:16:38.620+0000] {taskinstance.py:1206} INFO - Marking task as SUCCESS. dag_id=prediction_dag, task_id=make_predictions, run_id=manual__2025-11-07T23:16:32.738431+00:00, execution_date=20251107T231632, start_date=20251107T231638, end_date=20251107T231638
[2025-11-07T23:16:38.659+0000] {local_task_job_runner.py:240} INFO - Task exited with return code 0
[2025-11-07T23:16:38.671+0000] {taskinstance.py:3498} INFO - 0 downstream tasks scheduled from follow-on schedule check
[2025-11-07T23:16:38.672+0000] {local_task_job_runner.py:222} INFO - ::endgroup::
