[2025-11-27T22:12:27.579+0000] {local_task_job_runner.py:120} INFO - ::group::Pre task execution logs
[2025-11-27T22:12:27.604+0000] {taskinstance.py:2076} INFO - Dependencies all met for dep_context=non-requeueable deps ti=<TaskInstance: ingest_data_dag.send_alerts scheduled__2025-11-27T22:11:00+00:00 [queued]>
[2025-11-27T22:12:27.611+0000] {taskinstance.py:2076} INFO - Dependencies all met for dep_context=requeueable deps ti=<TaskInstance: ingest_data_dag.send_alerts scheduled__2025-11-27T22:11:00+00:00 [queued]>
[2025-11-27T22:12:27.611+0000] {taskinstance.py:2306} INFO - Starting attempt 1 of 1
[2025-11-27T22:12:27.621+0000] {taskinstance.py:2330} INFO - Executing <Task(PythonOperator): send_alerts> on 2025-11-27 22:11:00+00:00
[2025-11-27T22:12:27.625+0000] {warnings.py:110} WARNING - /home/airflow/.local/lib/python3.12/site-packages/airflow/task/task_runner/standard_task_runner.py:61: DeprecationWarning: This process (pid=17974) is multi-threaded, use of fork() may lead to deadlocks in the child.
  pid = os.fork()

[2025-11-27T22:12:27.626+0000] {standard_task_runner.py:63} INFO - Started process 17991 to run task
[2025-11-27T22:12:27.627+0000] {standard_task_runner.py:90} INFO - Running: ['airflow', 'tasks', 'run', 'ingest_data_dag', 'send_alerts', 'scheduled__2025-11-27T22:11:00+00:00', '--job-id', '2627', '--raw', '--subdir', 'DAGS_FOLDER/ingest_data_dag.py', '--cfg-path', '/tmp/tmp18gqn28r']
[2025-11-27T22:12:27.627+0000] {standard_task_runner.py:91} INFO - Job 2627: Subtask send_alerts
[2025-11-27T22:12:27.655+0000] {task_command.py:426} INFO - Running <TaskInstance: ingest_data_dag.send_alerts scheduled__2025-11-27T22:11:00+00:00 [running]> on host c76b7a4b7ca3
[2025-11-27T22:12:27.721+0000] {taskinstance.py:2648} INFO - Exporting env vars: AIRFLOW_CTX_DAG_OWNER='airflow' AIRFLOW_CTX_DAG_ID='ingest_data_dag' AIRFLOW_CTX_TASK_ID='send_alerts' AIRFLOW_CTX_EXECUTION_DATE='2025-11-27T22:11:00+00:00' AIRFLOW_CTX_TRY_NUMBER='1' AIRFLOW_CTX_DAG_RUN_ID='scheduled__2025-11-27T22:11:00+00:00'
[2025-11-27T22:12:27.721+0000] {taskinstance.py:430} INFO - ::endgroup::
[2025-11-27T22:12:27.737+0000] {logging_mixin.py:188} INFO - 📣 [send_alerts] ALERT | File: /opt/airflow/raw-data/chunk_623.csv | Criticality: low | GE success ratio: 1.00 | Report: /opt/airflow/logs/ge_reports/ge_report_chunk_623_20251127T221214Z.html
[2025-11-27T22:12:27.738+0000] {python.py:237} INFO - Done. Returned value was: None
[2025-11-27T22:12:27.738+0000] {taskinstance.py:441} INFO - ::group::Post task execution logs
[2025-11-27T22:12:27.741+0000] {taskinstance.py:1206} INFO - Marking task as SUCCESS. dag_id=ingest_data_dag, task_id=send_alerts, run_id=scheduled__2025-11-27T22:11:00+00:00, execution_date=20251127T221100, start_date=20251127T221227, end_date=20251127T221227
[2025-11-27T22:12:27.767+0000] {local_task_job_runner.py:240} INFO - Task exited with return code 0
[2025-11-27T22:12:27.777+0000] {taskinstance.py:3498} INFO - 0 downstream tasks scheduled from follow-on schedule check
[2025-11-27T22:12:27.778+0000] {local_task_job_runner.py:222} INFO - ::endgroup::
