[2025-11-27T21:06:30.267+0000] {local_task_job_runner.py:120} INFO - ::group::Pre task execution logs
[2025-11-27T21:06:30.348+0000] {taskinstance.py:2076} INFO - Dependencies all met for dep_context=non-requeueable deps ti=<TaskInstance: ingest_data_dag.split_and_save_data scheduled__2025-11-27T21:03:00+00:00 [queued]>
[2025-11-27T21:06:30.366+0000] {taskinstance.py:2076} INFO - Dependencies all met for dep_context=requeueable deps ti=<TaskInstance: ingest_data_dag.split_and_save_data scheduled__2025-11-27T21:03:00+00:00 [queued]>
[2025-11-27T21:06:30.367+0000] {taskinstance.py:2306} INFO - Starting attempt 1 of 1
[2025-11-27T21:06:30.393+0000] {taskinstance.py:2330} INFO - Executing <Task(PythonOperator): split_and_save_data> on 2025-11-27 21:03:00+00:00
[2025-11-27T21:06:30.422+0000] {warnings.py:110} WARNING - /home/airflow/.local/lib/python3.12/site-packages/airflow/task/task_runner/standard_task_runner.py:61: DeprecationWarning: This process (pid=9779) is multi-threaded, use of fork() may lead to deadlocks in the child.
  pid = os.fork()

[2025-11-27T21:06:30.424+0000] {standard_task_runner.py:63} INFO - Started process 9796 to run task
[2025-11-27T21:06:30.426+0000] {standard_task_runner.py:90} INFO - Running: ['airflow', 'tasks', 'run', 'ingest_data_dag', 'split_and_save_data', 'scheduled__2025-11-27T21:03:00+00:00', '--job-id', '2227', '--raw', '--subdir', 'DAGS_FOLDER/ingest_data_dag.py', '--cfg-path', '/tmp/tmpkqdkkt3e']
[2025-11-27T21:06:30.427+0000] {standard_task_runner.py:91} INFO - Job 2227: Subtask split_and_save_data
[2025-11-27T21:06:30.503+0000] {task_command.py:426} INFO - Running <TaskInstance: ingest_data_dag.split_and_save_data scheduled__2025-11-27T21:03:00+00:00 [running]> on host c76b7a4b7ca3
[2025-11-27T21:06:30.619+0000] {taskinstance.py:2648} INFO - Exporting env vars: AIRFLOW_CTX_DAG_OWNER='airflow' AIRFLOW_CTX_DAG_ID='ingest_data_dag' AIRFLOW_CTX_TASK_ID='split_and_save_data' AIRFLOW_CTX_EXECUTION_DATE='2025-11-27T21:03:00+00:00' AIRFLOW_CTX_TRY_NUMBER='1' AIRFLOW_CTX_DAG_RUN_ID='scheduled__2025-11-27T21:03:00+00:00'
[2025-11-27T21:06:30.621+0000] {taskinstance.py:430} INFO - ::endgroup::
[2025-11-27T21:06:30.689+0000] {logging_mixin.py:188} INFO - 🗃️ [split_and_save_data] nb_rows=7, nb_invalid=0 for file=/opt/airflow/raw-data/chunk_620.csv
[2025-11-27T21:06:30.698+0000] {logging_mixin.py:188} INFO - ✅ [split_and_save_data] All rows valid → saved to /opt/airflow/good-data/chunk_620.csv
[2025-11-27T21:06:30.699+0000] {python.py:237} INFO - Done. Returned value was: None
[2025-11-27T21:06:30.700+0000] {taskinstance.py:441} INFO - ::group::Post task execution logs
[2025-11-27T21:06:30.708+0000] {taskinstance.py:1206} INFO - Marking task as SUCCESS. dag_id=ingest_data_dag, task_id=split_and_save_data, run_id=scheduled__2025-11-27T21:03:00+00:00, execution_date=20251127T210300, start_date=20251127T210630, end_date=20251127T210630
[2025-11-27T21:06:30.773+0000] {local_task_job_runner.py:240} INFO - Task exited with return code 0
[2025-11-27T21:06:30.791+0000] {taskinstance.py:3498} INFO - 0 downstream tasks scheduled from follow-on schedule check
[2025-11-27T21:06:30.792+0000] {local_task_job_runner.py:222} INFO - ::endgroup::
