[2025-11-07T23:04:04.214+0000] {local_task_job_runner.py:120} INFO - ::group::Pre task execution logs
[2025-11-07T23:04:04.227+0000] {taskinstance.py:2076} INFO - Dependencies all met for dep_context=non-requeueable deps ti=<TaskInstance: prediction_dag.make_predictions manual__2025-11-07T23:03:58.562605+00:00 [queued]>
[2025-11-07T23:04:04.230+0000] {taskinstance.py:2076} INFO - Dependencies all met for dep_context=requeueable deps ti=<TaskInstance: prediction_dag.make_predictions manual__2025-11-07T23:03:58.562605+00:00 [queued]>
[2025-11-07T23:04:04.231+0000] {taskinstance.py:2306} INFO - Starting attempt 1 of 1
[2025-11-07T23:04:04.240+0000] {taskinstance.py:2330} INFO - Executing <Task(PythonOperator): make_predictions> on 2025-11-07 23:03:58.562605+00:00
[2025-11-07T23:04:04.244+0000] {standard_task_runner.py:90} INFO - Running: ['airflow', 'tasks', 'run', 'prediction_dag', 'make_predictions', 'manual__2025-11-07T23:03:58.562605+00:00', '--job-id', '54', '--raw', '--subdir', 'DAGS_FOLDER/prediction_dag.py', '--cfg-path', '/tmp/tmpm9w8xwcg']
[2025-11-07T23:04:04.246+0000] {standard_task_runner.py:91} INFO - Job 54: Subtask make_predictions
[2025-11-07T23:04:04.247+0000] {logging_mixin.py:188} WARNING - /home/airflow/.local/lib/python3.12/site-packages/airflow/task/task_runner/standard_task_runner.py:61 DeprecationWarning: This process (pid=38) is multi-threaded, use of fork() may lead to deadlocks in the child.
[2025-11-07T23:04:04.248+0000] {standard_task_runner.py:63} INFO - Started process 47 to run task
[2025-11-07T23:04:04.268+0000] {task_command.py:426} INFO - Running <TaskInstance: prediction_dag.make_predictions manual__2025-11-07T23:03:58.562605+00:00 [running]> on host e3984cc13369
[2025-11-07T23:04:04.302+0000] {taskinstance.py:2648} INFO - Exporting env vars: AIRFLOW_CTX_DAG_OWNER='airflow' AIRFLOW_CTX_DAG_ID='prediction_dag' AIRFLOW_CTX_TASK_ID='make_predictions' AIRFLOW_CTX_EXECUTION_DATE='2025-11-07T23:03:58.562605+00:00' AIRFLOW_CTX_TRY_NUMBER='1' AIRFLOW_CTX_DAG_RUN_ID='manual__2025-11-07T23:03:58.562605+00:00'
[2025-11-07T23:04:04.302+0000] {taskinstance.py:430} INFO - ::endgroup::
[2025-11-07T23:04:04.314+0000] {logging_mixin.py:188} INFO - 📂 Processing file: /opt/airflow/good-data/chunk_0.csv
[2025-11-07T23:04:04.413+0000] {logging_mixin.py:188} INFO - ❌ Failed to predict chunk_0.csv: HTTPConnectionPool(host='dsp_api', port=8000): Max retries exceeded with url: /predict (Caused by NameResolutionError("<urllib3.connection.HTTPConnection object at 0xffff5a42a030>: Failed to resolve 'dsp_api' ([Errno -2] Name or service not known)"))
[2025-11-07T23:04:04.414+0000] {python.py:237} INFO - Done. Returned value was: None
[2025-11-07T23:04:04.414+0000] {taskinstance.py:441} INFO - ::group::Post task execution logs
[2025-11-07T23:04:04.418+0000] {taskinstance.py:1206} INFO - Marking task as SUCCESS. dag_id=prediction_dag, task_id=make_predictions, run_id=manual__2025-11-07T23:03:58.562605+00:00, execution_date=20251107T230358, start_date=20251107T230404, end_date=20251107T230404
[2025-11-07T23:04:04.429+0000] {local_task_job_runner.py:240} INFO - Task exited with return code 0
[2025-11-07T23:04:04.436+0000] {taskinstance.py:3498} INFO - 0 downstream tasks scheduled from follow-on schedule check
[2025-11-07T23:04:04.437+0000] {local_task_job_runner.py:222} INFO - ::endgroup::
