[2025-11-08T11:30:39.834+0000] {local_task_job_runner.py:120} INFO - ::group::Pre task execution logs
[2025-11-08T11:30:39.848+0000] {taskinstance.py:2076} INFO - Dependencies all met for dep_context=non-requeueable deps ti=<TaskInstance: prediction_dag.make_predictions manual__2025-11-08T11:30:33.155015+00:00 [queued]>
[2025-11-08T11:30:39.851+0000] {taskinstance.py:2076} INFO - Dependencies all met for dep_context=requeueable deps ti=<TaskInstance: prediction_dag.make_predictions manual__2025-11-08T11:30:33.155015+00:00 [queued]>
[2025-11-08T11:30:39.852+0000] {taskinstance.py:2306} INFO - Starting attempt 1 of 1
[2025-11-08T11:30:39.863+0000] {taskinstance.py:2330} INFO - Executing <Task(PythonOperator): make_predictions> on 2025-11-08 11:30:33.155015+00:00
[2025-11-08T11:30:39.868+0000] {standard_task_runner.py:90} INFO - Running: ['airflow', 'tasks', 'run', 'prediction_dag', 'make_predictions', 'manual__2025-11-08T11:30:33.155015+00:00', '--job-id', '84', '--raw', '--subdir', 'DAGS_FOLDER/prediction_dag.py', '--cfg-path', '/tmp/tmp5di2j2r3']
[2025-11-08T11:30:39.869+0000] {standard_task_runner.py:91} INFO - Job 84: Subtask make_predictions
[2025-11-08T11:30:39.869+0000] {logging_mixin.py:188} WARNING - /home/airflow/.local/lib/python3.12/site-packages/airflow/task/task_runner/standard_task_runner.py:61 DeprecationWarning: This process (pid=83) is multi-threaded, use of fork() may lead to deadlocks in the child.
[2025-11-08T11:30:39.870+0000] {standard_task_runner.py:63} INFO - Started process 92 to run task
[2025-11-08T11:30:39.897+0000] {task_command.py:426} INFO - Running <TaskInstance: prediction_dag.make_predictions manual__2025-11-08T11:30:33.155015+00:00 [running]> on host 8eddfc43b4dc
[2025-11-08T11:30:39.937+0000] {taskinstance.py:2648} INFO - Exporting env vars: AIRFLOW_CTX_DAG_OWNER='airflow' AIRFLOW_CTX_DAG_ID='prediction_dag' AIRFLOW_CTX_TASK_ID='make_predictions' AIRFLOW_CTX_EXECUTION_DATE='2025-11-08T11:30:33.155015+00:00' AIRFLOW_CTX_TRY_NUMBER='1' AIRFLOW_CTX_DAG_RUN_ID='manual__2025-11-08T11:30:33.155015+00:00'
[2025-11-08T11:30:39.938+0000] {taskinstance.py:430} INFO - ::endgroup::
[2025-11-08T11:30:39.954+0000] {logging_mixin.py:188} INFO - 📂 Processing file: /opt/airflow/good-data/chunk_638.csv
[2025-11-08T11:30:40.179+0000] {logging_mixin.py:188} INFO - ✅ Saved predictions to /opt/airflow/predictions/pred_chunk_638.csv
[2025-11-08T11:30:40.180+0000] {logging_mixin.py:188} INFO - 📂 Processing file: /opt/airflow/good-data/chunk_937.csv
[2025-11-08T11:30:40.250+0000] {logging_mixin.py:188} INFO - ✅ Saved predictions to /opt/airflow/predictions/pred_chunk_937.csv
[2025-11-08T11:30:40.250+0000] {logging_mixin.py:188} INFO - 📂 Processing file: /opt/airflow/good-data/chunk_463.csv
[2025-11-08T11:30:40.299+0000] {logging_mixin.py:188} INFO - ✅ Saved predictions to /opt/airflow/predictions/pred_chunk_463.csv
[2025-11-08T11:30:40.299+0000] {logging_mixin.py:188} INFO - 📂 Processing file: /opt/airflow/good-data/chunk_500.csv
[2025-11-08T11:30:40.343+0000] {logging_mixin.py:188} INFO - ✅ Saved predictions to /opt/airflow/predictions/pred_chunk_500.csv
[2025-11-08T11:30:40.343+0000] {logging_mixin.py:188} INFO - 📂 Processing file: /opt/airflow/good-data/chunk_742.csv
[2025-11-08T11:30:40.385+0000] {logging_mixin.py:188} INFO - ✅ Saved predictions to /opt/airflow/predictions/pred_chunk_742.csv
[2025-11-08T11:30:40.386+0000] {python.py:237} INFO - Done. Returned value was: None
[2025-11-08T11:30:40.386+0000] {taskinstance.py:441} INFO - ::group::Post task execution logs
[2025-11-08T11:30:40.391+0000] {taskinstance.py:1206} INFO - Marking task as SUCCESS. dag_id=prediction_dag, task_id=make_predictions, run_id=manual__2025-11-08T11:30:33.155015+00:00, execution_date=20251108T113033, start_date=20251108T113039, end_date=20251108T113040
[2025-11-08T11:30:40.420+0000] {local_task_job_runner.py:240} INFO - Task exited with return code 0
[2025-11-08T11:30:40.430+0000] {taskinstance.py:3498} INFO - 0 downstream tasks scheduled from follow-on schedule check
[2025-11-08T11:30:40.431+0000] {local_task_job_runner.py:222} INFO - ::endgroup::
