[2025-11-27T22:14:20.403+0000] {local_task_job_runner.py:120} INFO - ::group::Pre task execution logs
[2025-11-27T22:14:20.453+0000] {taskinstance.py:2076} INFO - Dependencies all met for dep_context=non-requeueable deps ti=<TaskInstance: ingest_data_dag.save_statistics scheduled__2025-11-27T22:13:00+00:00 [queued]>
[2025-11-27T22:14:20.461+0000] {taskinstance.py:2076} INFO - Dependencies all met for dep_context=requeueable deps ti=<TaskInstance: ingest_data_dag.save_statistics scheduled__2025-11-27T22:13:00+00:00 [queued]>
[2025-11-27T22:14:20.461+0000] {taskinstance.py:2306} INFO - Starting attempt 1 of 1
[2025-11-27T22:14:20.469+0000] {taskinstance.py:2330} INFO - Executing <Task(PythonOperator): save_statistics> on 2025-11-27 22:13:00+00:00
[2025-11-27T22:14:20.479+0000] {warnings.py:110} WARNING - /home/airflow/.local/lib/python3.12/site-packages/airflow/task/task_runner/standard_task_runner.py:61: DeprecationWarning: This process (pid=18204) is multi-threaded, use of fork() may lead to deadlocks in the child.
  pid = os.fork()

[2025-11-27T22:14:20.480+0000] {standard_task_runner.py:63} INFO - Started process 18221 to run task
[2025-11-27T22:14:20.480+0000] {standard_task_runner.py:90} INFO - Running: ['airflow', 'tasks', 'run', 'ingest_data_dag', 'save_statistics', 'scheduled__2025-11-27T22:13:00+00:00', '--job-id', '2636', '--raw', '--subdir', 'DAGS_FOLDER/ingest_data_dag.py', '--cfg-path', '/tmp/tmppaoeji97']
[2025-11-27T22:14:20.481+0000] {standard_task_runner.py:91} INFO - Job 2636: Subtask save_statistics
[2025-11-27T22:14:20.538+0000] {task_command.py:426} INFO - Running <TaskInstance: ingest_data_dag.save_statistics scheduled__2025-11-27T22:13:00+00:00 [running]> on host c76b7a4b7ca3
[2025-11-27T22:14:20.591+0000] {taskinstance.py:2648} INFO - Exporting env vars: AIRFLOW_CTX_DAG_OWNER='airflow' AIRFLOW_CTX_DAG_ID='ingest_data_dag' AIRFLOW_CTX_TASK_ID='save_statistics' AIRFLOW_CTX_EXECUTION_DATE='2025-11-27T22:13:00+00:00' AIRFLOW_CTX_TRY_NUMBER='1' AIRFLOW_CTX_DAG_RUN_ID='scheduled__2025-11-27T22:13:00+00:00'
[2025-11-27T22:14:20.592+0000] {taskinstance.py:430} INFO - ::endgroup::
[2025-11-27T22:14:20.611+0000] {logging_mixin.py:188} INFO - 📝 [save_statistics] INGESTION STATS: {'file_path': '/opt/airflow/raw-data/chunk_552.csv', 'nb_rows': 7, 'nb_valid_rows': 7, 'nb_invalid_rows': 0, 'error_counts': {'missing_values': 0}, 'invalid_ratio': 0.0, 'pandas_criticality': 'low', 'ge_success': True, 'ge_success_ratio': 1.0, 'ge_criticality': 'LOW', 'ge_report_url': '/opt/airflow/logs/ge_reports/ge_report_chunk_552_20251127T221414Z.html', 'criticality': 'low'}
[2025-11-27T22:14:20.638+0000] {logging_mixin.py:188} INFO - ✅ [save_statistics] Row inserted into ingestion_stats.
[2025-11-27T22:14:20.638+0000] {python.py:237} INFO - Done. Returned value was: None
[2025-11-27T22:14:20.639+0000] {taskinstance.py:441} INFO - ::group::Post task execution logs
[2025-11-27T22:14:20.648+0000] {taskinstance.py:1206} INFO - Marking task as SUCCESS. dag_id=ingest_data_dag, task_id=save_statistics, run_id=scheduled__2025-11-27T22:13:00+00:00, execution_date=20251127T221300, start_date=20251127T221420, end_date=20251127T221420
[2025-11-27T22:14:20.705+0000] {local_task_job_runner.py:240} INFO - Task exited with return code 0
[2025-11-27T22:14:20.713+0000] {taskinstance.py:3498} INFO - 0 downstream tasks scheduled from follow-on schedule check
[2025-11-27T22:14:20.714+0000] {local_task_job_runner.py:222} INFO - ::endgroup::
