[2025-11-08T00:03:26.481+0000] {local_task_job_runner.py:120} INFO - ::group::Pre task execution logs
[2025-11-08T00:03:26.497+0000] {taskinstance.py:2076} INFO - Dependencies all met for dep_context=non-requeueable deps ti=<TaskInstance: prediction_dag.make_predictions manual__2025-11-08T00:03:20.211052+00:00 [queued]>
[2025-11-08T00:03:26.501+0000] {taskinstance.py:2076} INFO - Dependencies all met for dep_context=requeueable deps ti=<TaskInstance: prediction_dag.make_predictions manual__2025-11-08T00:03:20.211052+00:00 [queued]>
[2025-11-08T00:03:26.501+0000] {taskinstance.py:2306} INFO - Starting attempt 1 of 1
[2025-11-08T00:03:26.512+0000] {taskinstance.py:2330} INFO - Executing <Task(PythonOperator): make_predictions> on 2025-11-08 00:03:20.211052+00:00
[2025-11-08T00:03:26.517+0000] {standard_task_runner.py:90} INFO - Running: ['airflow', 'tasks', 'run', 'prediction_dag', 'make_predictions', 'manual__2025-11-08T00:03:20.211052+00:00', '--job-id', '73', '--raw', '--subdir', 'DAGS_FOLDER/prediction_dag.py', '--cfg-path', '/tmp/tmpo600moc8']
[2025-11-08T00:03:26.518+0000] {standard_task_runner.py:91} INFO - Job 73: Subtask make_predictions
[2025-11-08T00:03:26.520+0000] {logging_mixin.py:188} WARNING - /home/airflow/.local/lib/python3.12/site-packages/airflow/task/task_runner/standard_task_runner.py:61 DeprecationWarning: This process (pid=315) is multi-threaded, use of fork() may lead to deadlocks in the child.
[2025-11-08T00:03:26.522+0000] {standard_task_runner.py:63} INFO - Started process 324 to run task
[2025-11-08T00:03:26.555+0000] {task_command.py:426} INFO - Running <TaskInstance: prediction_dag.make_predictions manual__2025-11-08T00:03:20.211052+00:00 [running]> on host 7074cc6cba04
[2025-11-08T00:03:26.596+0000] {taskinstance.py:2648} INFO - Exporting env vars: AIRFLOW_CTX_DAG_OWNER='airflow' AIRFLOW_CTX_DAG_ID='prediction_dag' AIRFLOW_CTX_TASK_ID='make_predictions' AIRFLOW_CTX_EXECUTION_DATE='2025-11-08T00:03:20.211052+00:00' AIRFLOW_CTX_TRY_NUMBER='1' AIRFLOW_CTX_DAG_RUN_ID='manual__2025-11-08T00:03:20.211052+00:00'
[2025-11-08T00:03:26.597+0000] {taskinstance.py:430} INFO - ::endgroup::
[2025-11-08T00:03:26.612+0000] {logging_mixin.py:188} INFO - 📂 Processing file: /opt/airflow/good-data/chunk_463.csv
[2025-11-08T00:03:26.634+0000] {logging_mixin.py:188} INFO - ❌ Failed to predict chunk_463.csv: HTTPConnectionPool(host='dsp_api', port=8000): Max retries exceeded with url: /predict (Caused by NameResolutionError("<urllib3.connection.HTTPConnection object at 0xffff921b2e40>: Failed to resolve 'dsp_api' ([Errno -2] Name or service not known)"))
[2025-11-08T00:03:26.634+0000] {logging_mixin.py:188} INFO - 📂 Processing file: /opt/airflow/good-data/chunk_500.csv
[2025-11-08T00:03:26.640+0000] {logging_mixin.py:188} INFO - ❌ Failed to predict chunk_500.csv: HTTPConnectionPool(host='dsp_api', port=8000): Max retries exceeded with url: /predict (Caused by NameResolutionError("<urllib3.connection.HTTPConnection object at 0xffffaefcc950>: Failed to resolve 'dsp_api' ([Errno -2] Name or service not known)"))
[2025-11-08T00:03:26.640+0000] {logging_mixin.py:188} INFO - 📂 Processing file: /opt/airflow/good-data/chunk_742.csv
[2025-11-08T00:03:26.645+0000] {logging_mixin.py:188} INFO - ❌ Failed to predict chunk_742.csv: HTTPConnectionPool(host='dsp_api', port=8000): Max retries exceeded with url: /predict (Caused by NameResolutionError("<urllib3.connection.HTTPConnection object at 0xffffaefce8d0>: Failed to resolve 'dsp_api' ([Errno -2] Name or service not known)"))
[2025-11-08T00:03:26.645+0000] {python.py:237} INFO - Done. Returned value was: None
[2025-11-08T00:03:26.646+0000] {taskinstance.py:441} INFO - ::group::Post task execution logs
[2025-11-08T00:03:26.649+0000] {taskinstance.py:1206} INFO - Marking task as SUCCESS. dag_id=prediction_dag, task_id=make_predictions, run_id=manual__2025-11-08T00:03:20.211052+00:00, execution_date=20251108T000320, start_date=20251108T000326, end_date=20251108T000326
[2025-11-08T00:03:26.677+0000] {local_task_job_runner.py:240} INFO - Task exited with return code 0
[2025-11-08T00:03:26.684+0000] {taskinstance.py:3498} INFO - 0 downstream tasks scheduled from follow-on schedule check
[2025-11-08T00:03:26.684+0000] {local_task_job_runner.py:222} INFO - ::endgroup::
