[2025-11-27T21:07:33.371+0000] {local_task_job_runner.py:120} INFO - ::group::Pre task execution logs
[2025-11-27T21:07:33.421+0000] {taskinstance.py:2076} INFO - Dependencies all met for dep_context=non-requeueable deps ti=<TaskInstance: ingest_data_dag.send_alerts scheduled__2025-11-27T21:04:00+00:00 [queued]>
[2025-11-27T21:07:33.431+0000] {taskinstance.py:2076} INFO - Dependencies all met for dep_context=requeueable deps ti=<TaskInstance: ingest_data_dag.send_alerts scheduled__2025-11-27T21:04:00+00:00 [queued]>
[2025-11-27T21:07:33.431+0000] {taskinstance.py:2306} INFO - Starting attempt 1 of 1
[2025-11-27T21:07:33.444+0000] {taskinstance.py:2330} INFO - Executing <Task(PythonOperator): send_alerts> on 2025-11-27 21:04:00+00:00
[2025-11-27T21:07:33.454+0000] {warnings.py:110} WARNING - /home/airflow/.local/lib/python3.12/site-packages/airflow/task/task_runner/standard_task_runner.py:61: DeprecationWarning: This process (pid=9893) is multi-threaded, use of fork() may lead to deadlocks in the child.
  pid = os.fork()

[2025-11-27T21:07:33.455+0000] {standard_task_runner.py:63} INFO - Started process 9910 to run task
[2025-11-27T21:07:33.456+0000] {standard_task_runner.py:90} INFO - Running: ['airflow', 'tasks', 'run', 'ingest_data_dag', 'send_alerts', 'scheduled__2025-11-27T21:04:00+00:00', '--job-id', '2233', '--raw', '--subdir', 'DAGS_FOLDER/ingest_data_dag.py', '--cfg-path', '/tmp/tmpelu4xndg']
[2025-11-27T21:07:33.457+0000] {standard_task_runner.py:91} INFO - Job 2233: Subtask send_alerts
[2025-11-27T21:07:33.495+0000] {task_command.py:426} INFO - Running <TaskInstance: ingest_data_dag.send_alerts scheduled__2025-11-27T21:04:00+00:00 [running]> on host c76b7a4b7ca3
[2025-11-27T21:07:33.572+0000] {taskinstance.py:2648} INFO - Exporting env vars: AIRFLOW_CTX_DAG_OWNER='airflow' AIRFLOW_CTX_DAG_ID='ingest_data_dag' AIRFLOW_CTX_TASK_ID='send_alerts' AIRFLOW_CTX_EXECUTION_DATE='2025-11-27T21:04:00+00:00' AIRFLOW_CTX_TRY_NUMBER='1' AIRFLOW_CTX_DAG_RUN_ID='scheduled__2025-11-27T21:04:00+00:00'
[2025-11-27T21:07:33.573+0000] {taskinstance.py:430} INFO - ::endgroup::
[2025-11-27T21:07:33.597+0000] {logging_mixin.py:188} INFO - 📣 [send_alerts] ALERT | File: /opt/airflow/raw-data/chunk_197.csv | Criticality: high | GE success ratio: 0.00 | Report: None
[2025-11-27T21:07:33.598+0000] {python.py:237} INFO - Done. Returned value was: None
[2025-11-27T21:07:33.598+0000] {taskinstance.py:441} INFO - ::group::Post task execution logs
[2025-11-27T21:07:33.602+0000] {taskinstance.py:1206} INFO - Marking task as SUCCESS. dag_id=ingest_data_dag, task_id=send_alerts, run_id=scheduled__2025-11-27T21:04:00+00:00, execution_date=20251127T210400, start_date=20251127T210733, end_date=20251127T210733
[2025-11-27T21:07:33.638+0000] {local_task_job_runner.py:240} INFO - Task exited with return code 0
[2025-11-27T21:07:33.649+0000] {taskinstance.py:3498} INFO - 0 downstream tasks scheduled from follow-on schedule check
[2025-11-27T21:07:33.650+0000] {local_task_job_runner.py:222} INFO - ::endgroup::
