[2025-11-12T09:30:18.578+0000] {processor.py:161} INFO - Started process (PID=46) to work on /opt/airflow/dags/ingest_data_dag.py
[2025-11-12T09:30:18.582+0000] {processor.py:830} INFO - Processing file /opt/airflow/dags/ingest_data_dag.py for tasks to queue
[2025-11-12T09:30:18.589+0000] {logging_mixin.py:188} INFO - [2025-11-12T09:30:18.589+0000] {dagbag.py:545} INFO - Filling up the DagBag from /opt/airflow/dags/ingest_data_dag.py
[2025-11-12T09:30:18.614+0000] {processor.py:840} INFO - DAG(s) 'ingest_data_dag' retrieved from /opt/airflow/dags/ingest_data_dag.py
[2025-11-12T09:30:18.638+0000] {logging_mixin.py:188} INFO - [2025-11-12T09:30:18.638+0000] {dag.py:3096} INFO - Sync 1 DAGs
[2025-11-12T09:30:18.674+0000] {logging_mixin.py:188} INFO - [2025-11-12T09:30:18.674+0000] {dag.py:3954} INFO - Setting next_dagrun for ingest_data_dag to 2025-11-12 00:00:00+00:00, run_after=2025-11-13 00:00:00+00:00
[2025-11-12T09:30:18.713+0000] {processor.py:183} INFO - Processing /opt/airflow/dags/ingest_data_dag.py took 0.150 seconds
[2025-11-12T09:30:48.996+0000] {processor.py:161} INFO - Started process (PID=68) to work on /opt/airflow/dags/ingest_data_dag.py
[2025-11-12T09:30:48.997+0000] {processor.py:830} INFO - Processing file /opt/airflow/dags/ingest_data_dag.py for tasks to queue
[2025-11-12T09:30:48.998+0000] {logging_mixin.py:188} INFO - [2025-11-12T09:30:48.998+0000] {dagbag.py:545} INFO - Filling up the DagBag from /opt/airflow/dags/ingest_data_dag.py
[2025-11-12T09:30:49.005+0000] {processor.py:840} INFO - DAG(s) 'ingest_data_dag' retrieved from /opt/airflow/dags/ingest_data_dag.py
[2025-11-12T09:30:49.050+0000] {logging_mixin.py:188} INFO - [2025-11-12T09:30:49.050+0000] {dag.py:3096} INFO - Sync 1 DAGs
[2025-11-12T09:30:49.058+0000] {logging_mixin.py:188} INFO - [2025-11-12T09:30:49.058+0000] {dag.py:3954} INFO - Setting next_dagrun for ingest_data_dag to 2025-11-12 00:00:00+00:00, run_after=2025-11-13 00:00:00+00:00
[2025-11-12T09:30:49.073+0000] {processor.py:183} INFO - Processing /opt/airflow/dags/ingest_data_dag.py took 0.079 seconds
[2025-11-12T09:31:19.402+0000] {processor.py:161} INFO - Started process (PID=71) to work on /opt/airflow/dags/ingest_data_dag.py
[2025-11-12T09:31:19.403+0000] {processor.py:830} INFO - Processing file /opt/airflow/dags/ingest_data_dag.py for tasks to queue
[2025-11-12T09:31:19.404+0000] {logging_mixin.py:188} INFO - [2025-11-12T09:31:19.404+0000] {dagbag.py:545} INFO - Filling up the DagBag from /opt/airflow/dags/ingest_data_dag.py
[2025-11-12T09:31:19.411+0000] {processor.py:840} INFO - DAG(s) 'ingest_data_dag' retrieved from /opt/airflow/dags/ingest_data_dag.py
[2025-11-12T09:31:19.422+0000] {logging_mixin.py:188} INFO - [2025-11-12T09:31:19.422+0000] {dag.py:3096} INFO - Sync 1 DAGs
[2025-11-12T09:31:19.432+0000] {logging_mixin.py:188} INFO - [2025-11-12T09:31:19.432+0000] {dag.py:3954} INFO - Setting next_dagrun for ingest_data_dag to 2025-11-12 00:00:00+00:00, run_after=2025-11-13 00:00:00+00:00
[2025-11-12T09:31:19.443+0000] {processor.py:183} INFO - Processing /opt/airflow/dags/ingest_data_dag.py took 0.044 seconds
[2025-11-12T09:31:49.856+0000] {processor.py:161} INFO - Started process (PID=74) to work on /opt/airflow/dags/ingest_data_dag.py
[2025-11-12T09:31:49.857+0000] {processor.py:830} INFO - Processing file /opt/airflow/dags/ingest_data_dag.py for tasks to queue
[2025-11-12T09:31:49.859+0000] {logging_mixin.py:188} INFO - [2025-11-12T09:31:49.859+0000] {dagbag.py:545} INFO - Filling up the DagBag from /opt/airflow/dags/ingest_data_dag.py
[2025-11-12T09:31:49.874+0000] {processor.py:840} INFO - DAG(s) 'ingest_data_dag' retrieved from /opt/airflow/dags/ingest_data_dag.py
[2025-11-12T09:31:49.894+0000] {logging_mixin.py:188} INFO - [2025-11-12T09:31:49.894+0000] {dag.py:3096} INFO - Sync 1 DAGs
[2025-11-12T09:31:49.907+0000] {logging_mixin.py:188} INFO - [2025-11-12T09:31:49.907+0000] {dag.py:3954} INFO - Setting next_dagrun for ingest_data_dag to 2025-11-12 00:00:00+00:00, run_after=2025-11-13 00:00:00+00:00
[2025-11-12T09:31:49.920+0000] {processor.py:183} INFO - Processing /opt/airflow/dags/ingest_data_dag.py took 0.071 seconds
[2025-11-12T09:32:20.255+0000] {processor.py:161} INFO - Started process (PID=77) to work on /opt/airflow/dags/ingest_data_dag.py
[2025-11-12T09:32:20.256+0000] {processor.py:830} INFO - Processing file /opt/airflow/dags/ingest_data_dag.py for tasks to queue
[2025-11-12T09:32:20.257+0000] {logging_mixin.py:188} INFO - [2025-11-12T09:32:20.257+0000] {dagbag.py:545} INFO - Filling up the DagBag from /opt/airflow/dags/ingest_data_dag.py
[2025-11-12T09:32:20.265+0000] {processor.py:840} INFO - DAG(s) 'ingest_data_dag' retrieved from /opt/airflow/dags/ingest_data_dag.py
[2025-11-12T09:32:20.279+0000] {logging_mixin.py:188} INFO - [2025-11-12T09:32:20.279+0000] {dag.py:3096} INFO - Sync 1 DAGs
[2025-11-12T09:32:20.292+0000] {logging_mixin.py:188} INFO - [2025-11-12T09:32:20.292+0000] {dag.py:3954} INFO - Setting next_dagrun for ingest_data_dag to 2025-11-12 00:00:00+00:00, run_after=2025-11-13 00:00:00+00:00
[2025-11-12T09:32:20.313+0000] {processor.py:183} INFO - Processing /opt/airflow/dags/ingest_data_dag.py took 0.061 seconds
[2025-11-12T09:32:50.629+0000] {processor.py:161} INFO - Started process (PID=80) to work on /opt/airflow/dags/ingest_data_dag.py
[2025-11-12T09:32:50.630+0000] {processor.py:830} INFO - Processing file /opt/airflow/dags/ingest_data_dag.py for tasks to queue
[2025-11-12T09:32:50.631+0000] {logging_mixin.py:188} INFO - [2025-11-12T09:32:50.631+0000] {dagbag.py:545} INFO - Filling up the DagBag from /opt/airflow/dags/ingest_data_dag.py
[2025-11-12T09:32:50.638+0000] {processor.py:840} INFO - DAG(s) 'ingest_data_dag' retrieved from /opt/airflow/dags/ingest_data_dag.py
[2025-11-12T09:32:50.650+0000] {logging_mixin.py:188} INFO - [2025-11-12T09:32:50.650+0000] {dag.py:3096} INFO - Sync 1 DAGs
[2025-11-12T09:32:50.660+0000] {logging_mixin.py:188} INFO - [2025-11-12T09:32:50.660+0000] {dag.py:3954} INFO - Setting next_dagrun for ingest_data_dag to 2025-11-12 00:00:00+00:00, run_after=2025-11-13 00:00:00+00:00
[2025-11-12T09:32:50.672+0000] {processor.py:183} INFO - Processing /opt/airflow/dags/ingest_data_dag.py took 0.047 seconds
[2025-11-12T09:33:21.238+0000] {processor.py:161} INFO - Started process (PID=83) to work on /opt/airflow/dags/ingest_data_dag.py
[2025-11-12T09:33:21.239+0000] {processor.py:830} INFO - Processing file /opt/airflow/dags/ingest_data_dag.py for tasks to queue
[2025-11-12T09:33:21.240+0000] {logging_mixin.py:188} INFO - [2025-11-12T09:33:21.240+0000] {dagbag.py:545} INFO - Filling up the DagBag from /opt/airflow/dags/ingest_data_dag.py
[2025-11-12T09:33:21.246+0000] {processor.py:840} INFO - DAG(s) 'ingest_data_dag' retrieved from /opt/airflow/dags/ingest_data_dag.py
[2025-11-12T09:33:21.258+0000] {logging_mixin.py:188} INFO - [2025-11-12T09:33:21.257+0000] {dag.py:3096} INFO - Sync 1 DAGs
[2025-11-12T09:33:21.267+0000] {logging_mixin.py:188} INFO - [2025-11-12T09:33:21.267+0000] {dag.py:3954} INFO - Setting next_dagrun for ingest_data_dag to 2025-11-12 00:00:00+00:00, run_after=2025-11-13 00:00:00+00:00
[2025-11-12T09:33:21.280+0000] {processor.py:183} INFO - Processing /opt/airflow/dags/ingest_data_dag.py took 0.044 seconds
[2025-11-12T09:33:51.777+0000] {processor.py:161} INFO - Started process (PID=86) to work on /opt/airflow/dags/ingest_data_dag.py
[2025-11-12T09:33:51.778+0000] {processor.py:830} INFO - Processing file /opt/airflow/dags/ingest_data_dag.py for tasks to queue
[2025-11-12T09:33:51.780+0000] {logging_mixin.py:188} INFO - [2025-11-12T09:33:51.780+0000] {dagbag.py:545} INFO - Filling up the DagBag from /opt/airflow/dags/ingest_data_dag.py
[2025-11-12T09:33:51.791+0000] {processor.py:840} INFO - DAG(s) 'ingest_data_dag' retrieved from /opt/airflow/dags/ingest_data_dag.py
[2025-11-12T09:33:51.808+0000] {logging_mixin.py:188} INFO - [2025-11-12T09:33:51.808+0000] {dag.py:3096} INFO - Sync 1 DAGs
[2025-11-12T09:33:51.820+0000] {logging_mixin.py:188} INFO - [2025-11-12T09:33:51.819+0000] {dag.py:3954} INFO - Setting next_dagrun for ingest_data_dag to 2025-11-12 00:00:00+00:00, run_after=2025-11-13 00:00:00+00:00
[2025-11-12T09:33:51.833+0000] {processor.py:183} INFO - Processing /opt/airflow/dags/ingest_data_dag.py took 0.061 seconds
[2025-11-12T09:34:22.182+0000] {processor.py:161} INFO - Started process (PID=89) to work on /opt/airflow/dags/ingest_data_dag.py
[2025-11-12T09:34:22.182+0000] {processor.py:830} INFO - Processing file /opt/airflow/dags/ingest_data_dag.py for tasks to queue
[2025-11-12T09:34:22.183+0000] {logging_mixin.py:188} INFO - [2025-11-12T09:34:22.183+0000] {dagbag.py:545} INFO - Filling up the DagBag from /opt/airflow/dags/ingest_data_dag.py
[2025-11-12T09:34:22.192+0000] {processor.py:840} INFO - DAG(s) 'ingest_data_dag' retrieved from /opt/airflow/dags/ingest_data_dag.py
[2025-11-12T09:34:22.206+0000] {logging_mixin.py:188} INFO - [2025-11-12T09:34:22.206+0000] {dag.py:3096} INFO - Sync 1 DAGs
[2025-11-12T09:34:22.217+0000] {logging_mixin.py:188} INFO - [2025-11-12T09:34:22.217+0000] {dag.py:3954} INFO - Setting next_dagrun for ingest_data_dag to 2025-11-12 00:00:00+00:00, run_after=2025-11-13 00:00:00+00:00
[2025-11-12T09:34:22.230+0000] {processor.py:183} INFO - Processing /opt/airflow/dags/ingest_data_dag.py took 0.052 seconds
[2025-11-12T09:34:52.512+0000] {processor.py:161} INFO - Started process (PID=92) to work on /opt/airflow/dags/ingest_data_dag.py
[2025-11-12T09:34:52.512+0000] {processor.py:830} INFO - Processing file /opt/airflow/dags/ingest_data_dag.py for tasks to queue
[2025-11-12T09:34:52.514+0000] {logging_mixin.py:188} INFO - [2025-11-12T09:34:52.513+0000] {dagbag.py:545} INFO - Filling up the DagBag from /opt/airflow/dags/ingest_data_dag.py
[2025-11-12T09:34:52.520+0000] {processor.py:840} INFO - DAG(s) 'ingest_data_dag' retrieved from /opt/airflow/dags/ingest_data_dag.py
[2025-11-12T09:34:52.531+0000] {logging_mixin.py:188} INFO - [2025-11-12T09:34:52.531+0000] {dag.py:3096} INFO - Sync 1 DAGs
[2025-11-12T09:34:52.541+0000] {logging_mixin.py:188} INFO - [2025-11-12T09:34:52.541+0000] {dag.py:3954} INFO - Setting next_dagrun for ingest_data_dag to 2025-11-12 00:00:00+00:00, run_after=2025-11-13 00:00:00+00:00
[2025-11-12T09:34:52.554+0000] {processor.py:183} INFO - Processing /opt/airflow/dags/ingest_data_dag.py took 0.045 seconds
[2025-11-12T09:35:22.889+0000] {processor.py:161} INFO - Started process (PID=95) to work on /opt/airflow/dags/ingest_data_dag.py
[2025-11-12T09:35:22.889+0000] {processor.py:830} INFO - Processing file /opt/airflow/dags/ingest_data_dag.py for tasks to queue
[2025-11-12T09:35:22.891+0000] {logging_mixin.py:188} INFO - [2025-11-12T09:35:22.890+0000] {dagbag.py:545} INFO - Filling up the DagBag from /opt/airflow/dags/ingest_data_dag.py
[2025-11-12T09:35:22.899+0000] {processor.py:840} INFO - DAG(s) 'ingest_data_dag' retrieved from /opt/airflow/dags/ingest_data_dag.py
[2025-11-12T09:35:22.912+0000] {logging_mixin.py:188} INFO - [2025-11-12T09:35:22.912+0000] {dag.py:3096} INFO - Sync 1 DAGs
[2025-11-12T09:35:22.922+0000] {logging_mixin.py:188} INFO - [2025-11-12T09:35:22.922+0000] {dag.py:3954} INFO - Setting next_dagrun for ingest_data_dag to 2025-11-12 00:00:00+00:00, run_after=2025-11-13 00:00:00+00:00
[2025-11-12T09:35:22.933+0000] {processor.py:183} INFO - Processing /opt/airflow/dags/ingest_data_dag.py took 0.048 seconds
[2025-11-12T09:35:53.183+0000] {processor.py:161} INFO - Started process (PID=98) to work on /opt/airflow/dags/ingest_data_dag.py
[2025-11-12T09:35:53.184+0000] {processor.py:830} INFO - Processing file /opt/airflow/dags/ingest_data_dag.py for tasks to queue
[2025-11-12T09:35:53.184+0000] {logging_mixin.py:188} INFO - [2025-11-12T09:35:53.184+0000] {dagbag.py:545} INFO - Filling up the DagBag from /opt/airflow/dags/ingest_data_dag.py
[2025-11-12T09:35:53.191+0000] {processor.py:840} INFO - DAG(s) 'ingest_data_dag' retrieved from /opt/airflow/dags/ingest_data_dag.py
[2025-11-12T09:35:53.202+0000] {logging_mixin.py:188} INFO - [2025-11-12T09:35:53.202+0000] {dag.py:3096} INFO - Sync 1 DAGs
[2025-11-12T09:35:53.212+0000] {logging_mixin.py:188} INFO - [2025-11-12T09:35:53.212+0000] {dag.py:3954} INFO - Setting next_dagrun for ingest_data_dag to 2025-11-12 00:00:00+00:00, run_after=2025-11-13 00:00:00+00:00
[2025-11-12T09:35:53.225+0000] {processor.py:183} INFO - Processing /opt/airflow/dags/ingest_data_dag.py took 0.044 seconds
[2025-11-12T09:36:23.678+0000] {processor.py:161} INFO - Started process (PID=101) to work on /opt/airflow/dags/ingest_data_dag.py
[2025-11-12T09:36:23.679+0000] {processor.py:830} INFO - Processing file /opt/airflow/dags/ingest_data_dag.py for tasks to queue
[2025-11-12T09:36:23.680+0000] {logging_mixin.py:188} INFO - [2025-11-12T09:36:23.680+0000] {dagbag.py:545} INFO - Filling up the DagBag from /opt/airflow/dags/ingest_data_dag.py
[2025-11-12T09:36:23.687+0000] {processor.py:840} INFO - DAG(s) 'ingest_data_dag' retrieved from /opt/airflow/dags/ingest_data_dag.py
[2025-11-12T09:36:23.698+0000] {logging_mixin.py:188} INFO - [2025-11-12T09:36:23.698+0000] {dag.py:3096} INFO - Sync 1 DAGs
[2025-11-12T09:36:23.708+0000] {logging_mixin.py:188} INFO - [2025-11-12T09:36:23.708+0000] {dag.py:3954} INFO - Setting next_dagrun for ingest_data_dag to 2025-11-12 00:00:00+00:00, run_after=2025-11-13 00:00:00+00:00
[2025-11-12T09:36:23.721+0000] {processor.py:183} INFO - Processing /opt/airflow/dags/ingest_data_dag.py took 0.046 seconds
[2025-11-12T09:39:30.056+0000] {processor.py:161} INFO - Started process (PID=106) to work on /opt/airflow/dags/ingest_data_dag.py
[2025-11-12T09:39:30.056+0000] {processor.py:830} INFO - Processing file /opt/airflow/dags/ingest_data_dag.py for tasks to queue
[2025-11-12T09:39:30.057+0000] {logging_mixin.py:188} INFO - [2025-11-12T09:39:30.057+0000] {dagbag.py:545} INFO - Filling up the DagBag from /opt/airflow/dags/ingest_data_dag.py
[2025-11-12T09:39:30.065+0000] {processor.py:840} INFO - DAG(s) 'ingest_data_dag' retrieved from /opt/airflow/dags/ingest_data_dag.py
[2025-11-12T09:39:30.078+0000] {logging_mixin.py:188} INFO - [2025-11-12T09:39:30.077+0000] {dag.py:3096} INFO - Sync 1 DAGs
[2025-11-12T09:39:30.089+0000] {logging_mixin.py:188} INFO - [2025-11-12T09:39:30.089+0000] {dag.py:3954} INFO - Setting next_dagrun for ingest_data_dag to 2025-11-12 00:00:00+00:00, run_after=2025-11-13 00:00:00+00:00
[2025-11-12T09:39:30.103+0000] {processor.py:183} INFO - Processing /opt/airflow/dags/ingest_data_dag.py took 0.051 seconds
[2025-11-12T09:40:00.709+0000] {processor.py:161} INFO - Started process (PID=109) to work on /opt/airflow/dags/ingest_data_dag.py
[2025-11-12T09:40:00.710+0000] {processor.py:830} INFO - Processing file /opt/airflow/dags/ingest_data_dag.py for tasks to queue
[2025-11-12T09:40:00.711+0000] {logging_mixin.py:188} INFO - [2025-11-12T09:40:00.711+0000] {dagbag.py:545} INFO - Filling up the DagBag from /opt/airflow/dags/ingest_data_dag.py
[2025-11-12T09:40:00.721+0000] {processor.py:840} INFO - DAG(s) 'ingest_data_dag' retrieved from /opt/airflow/dags/ingest_data_dag.py
[2025-11-12T09:40:00.738+0000] {logging_mixin.py:188} INFO - [2025-11-12T09:40:00.738+0000] {dag.py:3096} INFO - Sync 1 DAGs
[2025-11-12T09:40:00.748+0000] {logging_mixin.py:188} INFO - [2025-11-12T09:40:00.748+0000] {dag.py:3954} INFO - Setting next_dagrun for ingest_data_dag to 2025-11-12 00:00:00+00:00, run_after=2025-11-13 00:00:00+00:00
[2025-11-12T09:40:00.760+0000] {processor.py:183} INFO - Processing /opt/airflow/dags/ingest_data_dag.py took 0.058 seconds
[2025-11-12T09:40:31.210+0000] {processor.py:161} INFO - Started process (PID=112) to work on /opt/airflow/dags/ingest_data_dag.py
[2025-11-12T09:40:31.211+0000] {processor.py:830} INFO - Processing file /opt/airflow/dags/ingest_data_dag.py for tasks to queue
[2025-11-12T09:40:31.212+0000] {logging_mixin.py:188} INFO - [2025-11-12T09:40:31.212+0000] {dagbag.py:545} INFO - Filling up the DagBag from /opt/airflow/dags/ingest_data_dag.py
[2025-11-12T09:40:31.219+0000] {processor.py:840} INFO - DAG(s) 'ingest_data_dag' retrieved from /opt/airflow/dags/ingest_data_dag.py
[2025-11-12T09:40:31.239+0000] {logging_mixin.py:188} INFO - [2025-11-12T09:40:31.238+0000] {dag.py:3096} INFO - Sync 1 DAGs
[2025-11-12T09:40:31.282+0000] {logging_mixin.py:188} INFO - [2025-11-12T09:40:31.282+0000] {dag.py:3954} INFO - Setting next_dagrun for ingest_data_dag to 2025-11-12 00:00:00+00:00, run_after=2025-11-13 00:00:00+00:00
[2025-11-12T09:40:31.309+0000] {processor.py:183} INFO - Processing /opt/airflow/dags/ingest_data_dag.py took 0.102 seconds
[2025-11-12T09:41:01.880+0000] {processor.py:161} INFO - Started process (PID=115) to work on /opt/airflow/dags/ingest_data_dag.py
[2025-11-12T09:41:01.881+0000] {processor.py:830} INFO - Processing file /opt/airflow/dags/ingest_data_dag.py for tasks to queue
[2025-11-12T09:41:01.883+0000] {logging_mixin.py:188} INFO - [2025-11-12T09:41:01.883+0000] {dagbag.py:545} INFO - Filling up the DagBag from /opt/airflow/dags/ingest_data_dag.py
[2025-11-12T09:41:01.894+0000] {processor.py:840} INFO - DAG(s) 'ingest_data_dag' retrieved from /opt/airflow/dags/ingest_data_dag.py
[2025-11-12T09:41:01.912+0000] {logging_mixin.py:188} INFO - [2025-11-12T09:41:01.912+0000] {dag.py:3096} INFO - Sync 1 DAGs
[2025-11-12T09:41:01.926+0000] {logging_mixin.py:188} INFO - [2025-11-12T09:41:01.926+0000] {dag.py:3954} INFO - Setting next_dagrun for ingest_data_dag to 2025-11-12 00:00:00+00:00, run_after=2025-11-13 00:00:00+00:00
[2025-11-12T09:41:01.940+0000] {processor.py:183} INFO - Processing /opt/airflow/dags/ingest_data_dag.py took 0.067 seconds
[2025-11-12T09:41:32.317+0000] {processor.py:161} INFO - Started process (PID=118) to work on /opt/airflow/dags/ingest_data_dag.py
[2025-11-12T09:41:32.318+0000] {processor.py:830} INFO - Processing file /opt/airflow/dags/ingest_data_dag.py for tasks to queue
[2025-11-12T09:41:32.319+0000] {logging_mixin.py:188} INFO - [2025-11-12T09:41:32.319+0000] {dagbag.py:545} INFO - Filling up the DagBag from /opt/airflow/dags/ingest_data_dag.py
[2025-11-12T09:41:32.330+0000] {processor.py:840} INFO - DAG(s) 'ingest_data_dag' retrieved from /opt/airflow/dags/ingest_data_dag.py
[2025-11-12T09:41:32.346+0000] {logging_mixin.py:188} INFO - [2025-11-12T09:41:32.346+0000] {dag.py:3096} INFO - Sync 1 DAGs
[2025-11-12T09:41:32.358+0000] {logging_mixin.py:188} INFO - [2025-11-12T09:41:32.358+0000] {dag.py:3954} INFO - Setting next_dagrun for ingest_data_dag to 2025-11-12 00:00:00+00:00, run_after=2025-11-13 00:00:00+00:00
[2025-11-12T09:41:32.375+0000] {processor.py:183} INFO - Processing /opt/airflow/dags/ingest_data_dag.py took 0.062 seconds
[2025-11-12T09:42:02.880+0000] {processor.py:161} INFO - Started process (PID=121) to work on /opt/airflow/dags/ingest_data_dag.py
[2025-11-12T09:42:02.880+0000] {processor.py:830} INFO - Processing file /opt/airflow/dags/ingest_data_dag.py for tasks to queue
[2025-11-12T09:42:02.881+0000] {logging_mixin.py:188} INFO - [2025-11-12T09:42:02.881+0000] {dagbag.py:545} INFO - Filling up the DagBag from /opt/airflow/dags/ingest_data_dag.py
[2025-11-12T09:42:02.890+0000] {processor.py:840} INFO - DAG(s) 'ingest_data_dag' retrieved from /opt/airflow/dags/ingest_data_dag.py
[2025-11-12T09:42:02.901+0000] {logging_mixin.py:188} INFO - [2025-11-12T09:42:02.901+0000] {dag.py:3096} INFO - Sync 1 DAGs
[2025-11-12T09:42:02.911+0000] {logging_mixin.py:188} INFO - [2025-11-12T09:42:02.911+0000] {dag.py:3954} INFO - Setting next_dagrun for ingest_data_dag to 2025-11-12 00:00:00+00:00, run_after=2025-11-13 00:00:00+00:00
[2025-11-12T09:42:02.925+0000] {processor.py:183} INFO - Processing /opt/airflow/dags/ingest_data_dag.py took 0.048 seconds
[2025-11-12T09:42:33.483+0000] {processor.py:161} INFO - Started process (PID=124) to work on /opt/airflow/dags/ingest_data_dag.py
[2025-11-12T09:42:33.484+0000] {processor.py:830} INFO - Processing file /opt/airflow/dags/ingest_data_dag.py for tasks to queue
[2025-11-12T09:42:33.485+0000] {logging_mixin.py:188} INFO - [2025-11-12T09:42:33.485+0000] {dagbag.py:545} INFO - Filling up the DagBag from /opt/airflow/dags/ingest_data_dag.py
[2025-11-12T09:42:33.492+0000] {processor.py:840} INFO - DAG(s) 'ingest_data_dag' retrieved from /opt/airflow/dags/ingest_data_dag.py
[2025-11-12T09:42:33.503+0000] {logging_mixin.py:188} INFO - [2025-11-12T09:42:33.503+0000] {dag.py:3096} INFO - Sync 1 DAGs
[2025-11-12T09:42:33.512+0000] {logging_mixin.py:188} INFO - [2025-11-12T09:42:33.512+0000] {dag.py:3954} INFO - Setting next_dagrun for ingest_data_dag to 2025-11-12 00:00:00+00:00, run_after=2025-11-13 00:00:00+00:00
[2025-11-12T09:42:33.522+0000] {processor.py:183} INFO - Processing /opt/airflow/dags/ingest_data_dag.py took 0.044 seconds
[2025-11-12T09:43:03.648+0000] {processor.py:161} INFO - Started process (PID=127) to work on /opt/airflow/dags/ingest_data_dag.py
[2025-11-12T09:43:03.648+0000] {processor.py:830} INFO - Processing file /opt/airflow/dags/ingest_data_dag.py for tasks to queue
[2025-11-12T09:43:03.649+0000] {logging_mixin.py:188} INFO - [2025-11-12T09:43:03.649+0000] {dagbag.py:545} INFO - Filling up the DagBag from /opt/airflow/dags/ingest_data_dag.py
[2025-11-12T09:43:03.656+0000] {processor.py:840} INFO - DAG(s) 'ingest_data_dag' retrieved from /opt/airflow/dags/ingest_data_dag.py
[2025-11-12T09:43:03.667+0000] {logging_mixin.py:188} INFO - [2025-11-12T09:43:03.667+0000] {dag.py:3096} INFO - Sync 1 DAGs
[2025-11-12T09:43:03.677+0000] {logging_mixin.py:188} INFO - [2025-11-12T09:43:03.677+0000] {dag.py:3954} INFO - Setting next_dagrun for ingest_data_dag to 2025-11-12 00:00:00+00:00, run_after=2025-11-13 00:00:00+00:00
[2025-11-12T09:43:03.690+0000] {processor.py:183} INFO - Processing /opt/airflow/dags/ingest_data_dag.py took 0.045 seconds
[2025-11-12T09:43:34.338+0000] {processor.py:161} INFO - Started process (PID=130) to work on /opt/airflow/dags/ingest_data_dag.py
[2025-11-12T09:43:34.339+0000] {processor.py:830} INFO - Processing file /opt/airflow/dags/ingest_data_dag.py for tasks to queue
[2025-11-12T09:43:34.340+0000] {logging_mixin.py:188} INFO - [2025-11-12T09:43:34.340+0000] {dagbag.py:545} INFO - Filling up the DagBag from /opt/airflow/dags/ingest_data_dag.py
[2025-11-12T09:43:34.347+0000] {processor.py:840} INFO - DAG(s) 'ingest_data_dag' retrieved from /opt/airflow/dags/ingest_data_dag.py
[2025-11-12T09:43:34.357+0000] {logging_mixin.py:188} INFO - [2025-11-12T09:43:34.357+0000] {dag.py:3096} INFO - Sync 1 DAGs
[2025-11-12T09:43:34.369+0000] {logging_mixin.py:188} INFO - [2025-11-12T09:43:34.369+0000] {dag.py:3954} INFO - Setting next_dagrun for ingest_data_dag to 2025-11-12 00:00:00+00:00, run_after=2025-11-13 00:00:00+00:00
[2025-11-12T09:43:34.383+0000] {processor.py:183} INFO - Processing /opt/airflow/dags/ingest_data_dag.py took 0.048 seconds
[2025-11-12T09:44:04.548+0000] {processor.py:161} INFO - Started process (PID=133) to work on /opt/airflow/dags/ingest_data_dag.py
[2025-11-12T09:44:04.549+0000] {processor.py:830} INFO - Processing file /opt/airflow/dags/ingest_data_dag.py for tasks to queue
[2025-11-12T09:44:04.550+0000] {logging_mixin.py:188} INFO - [2025-11-12T09:44:04.550+0000] {dagbag.py:545} INFO - Filling up the DagBag from /opt/airflow/dags/ingest_data_dag.py
[2025-11-12T09:44:04.558+0000] {processor.py:840} INFO - DAG(s) 'ingest_data_dag' retrieved from /opt/airflow/dags/ingest_data_dag.py
[2025-11-12T09:44:04.568+0000] {logging_mixin.py:188} INFO - [2025-11-12T09:44:04.568+0000] {dag.py:3096} INFO - Sync 1 DAGs
[2025-11-12T09:44:04.578+0000] {logging_mixin.py:188} INFO - [2025-11-12T09:44:04.578+0000] {dag.py:3954} INFO - Setting next_dagrun for ingest_data_dag to 2025-11-12 00:00:00+00:00, run_after=2025-11-13 00:00:00+00:00
[2025-11-12T09:44:04.590+0000] {processor.py:183} INFO - Processing /opt/airflow/dags/ingest_data_dag.py took 0.045 seconds
[2025-11-12T09:44:35.784+0000] {processor.py:161} INFO - Started process (PID=136) to work on /opt/airflow/dags/ingest_data_dag.py
[2025-11-12T09:44:35.784+0000] {processor.py:830} INFO - Processing file /opt/airflow/dags/ingest_data_dag.py for tasks to queue
[2025-11-12T09:44:35.785+0000] {logging_mixin.py:188} INFO - [2025-11-12T09:44:35.785+0000] {dagbag.py:545} INFO - Filling up the DagBag from /opt/airflow/dags/ingest_data_dag.py
[2025-11-12T09:44:35.791+0000] {processor.py:840} INFO - DAG(s) 'ingest_data_dag' retrieved from /opt/airflow/dags/ingest_data_dag.py
[2025-11-12T09:44:35.801+0000] {logging_mixin.py:188} INFO - [2025-11-12T09:44:35.801+0000] {dag.py:3096} INFO - Sync 1 DAGs
[2025-11-12T09:44:35.810+0000] {logging_mixin.py:188} INFO - [2025-11-12T09:44:35.810+0000] {dag.py:3954} INFO - Setting next_dagrun for ingest_data_dag to 2025-11-12 00:00:00+00:00, run_after=2025-11-13 00:00:00+00:00
[2025-11-12T09:44:35.820+0000] {processor.py:183} INFO - Processing /opt/airflow/dags/ingest_data_dag.py took 0.039 seconds
[2025-11-12T09:45:06.150+0000] {processor.py:161} INFO - Started process (PID=139) to work on /opt/airflow/dags/ingest_data_dag.py
[2025-11-12T09:45:06.151+0000] {processor.py:830} INFO - Processing file /opt/airflow/dags/ingest_data_dag.py for tasks to queue
[2025-11-12T09:45:06.152+0000] {logging_mixin.py:188} INFO - [2025-11-12T09:45:06.152+0000] {dagbag.py:545} INFO - Filling up the DagBag from /opt/airflow/dags/ingest_data_dag.py
[2025-11-12T09:45:06.159+0000] {processor.py:840} INFO - DAG(s) 'ingest_data_dag' retrieved from /opt/airflow/dags/ingest_data_dag.py
[2025-11-12T09:45:06.170+0000] {logging_mixin.py:188} INFO - [2025-11-12T09:45:06.170+0000] {dag.py:3096} INFO - Sync 1 DAGs
[2025-11-12T09:45:06.179+0000] {logging_mixin.py:188} INFO - [2025-11-12T09:45:06.179+0000] {dag.py:3954} INFO - Setting next_dagrun for ingest_data_dag to 2025-11-12 00:00:00+00:00, run_after=2025-11-13 00:00:00+00:00
[2025-11-12T09:45:06.193+0000] {processor.py:183} INFO - Processing /opt/airflow/dags/ingest_data_dag.py took 0.045 seconds
[2025-11-12T09:45:36.624+0000] {processor.py:161} INFO - Started process (PID=142) to work on /opt/airflow/dags/ingest_data_dag.py
[2025-11-12T09:45:36.625+0000] {processor.py:830} INFO - Processing file /opt/airflow/dags/ingest_data_dag.py for tasks to queue
[2025-11-12T09:45:36.626+0000] {logging_mixin.py:188} INFO - [2025-11-12T09:45:36.626+0000] {dagbag.py:545} INFO - Filling up the DagBag from /opt/airflow/dags/ingest_data_dag.py
[2025-11-12T09:45:36.632+0000] {processor.py:840} INFO - DAG(s) 'ingest_data_dag' retrieved from /opt/airflow/dags/ingest_data_dag.py
[2025-11-12T09:45:36.644+0000] {logging_mixin.py:188} INFO - [2025-11-12T09:45:36.644+0000] {dag.py:3096} INFO - Sync 1 DAGs
[2025-11-12T09:45:36.654+0000] {logging_mixin.py:188} INFO - [2025-11-12T09:45:36.654+0000] {dag.py:3954} INFO - Setting next_dagrun for ingest_data_dag to 2025-11-12 00:00:00+00:00, run_after=2025-11-13 00:00:00+00:00
[2025-11-12T09:45:36.667+0000] {processor.py:183} INFO - Processing /opt/airflow/dags/ingest_data_dag.py took 0.046 seconds
[2025-11-12T09:46:07.191+0000] {processor.py:161} INFO - Started process (PID=145) to work on /opt/airflow/dags/ingest_data_dag.py
[2025-11-12T09:46:07.192+0000] {processor.py:830} INFO - Processing file /opt/airflow/dags/ingest_data_dag.py for tasks to queue
[2025-11-12T09:46:07.193+0000] {logging_mixin.py:188} INFO - [2025-11-12T09:46:07.193+0000] {dagbag.py:545} INFO - Filling up the DagBag from /opt/airflow/dags/ingest_data_dag.py
[2025-11-12T09:46:07.200+0000] {processor.py:840} INFO - DAG(s) 'ingest_data_dag' retrieved from /opt/airflow/dags/ingest_data_dag.py
[2025-11-12T09:46:07.212+0000] {logging_mixin.py:188} INFO - [2025-11-12T09:46:07.212+0000] {dag.py:3096} INFO - Sync 1 DAGs
[2025-11-12T09:46:07.223+0000] {logging_mixin.py:188} INFO - [2025-11-12T09:46:07.223+0000] {dag.py:3954} INFO - Setting next_dagrun for ingest_data_dag to 2025-11-12 00:00:00+00:00, run_after=2025-11-13 00:00:00+00:00
[2025-11-12T09:46:07.239+0000] {processor.py:183} INFO - Processing /opt/airflow/dags/ingest_data_dag.py took 0.052 seconds
[2025-11-12T09:46:37.658+0000] {processor.py:161} INFO - Started process (PID=148) to work on /opt/airflow/dags/ingest_data_dag.py
[2025-11-12T09:46:37.659+0000] {processor.py:830} INFO - Processing file /opt/airflow/dags/ingest_data_dag.py for tasks to queue
[2025-11-12T09:46:37.660+0000] {logging_mixin.py:188} INFO - [2025-11-12T09:46:37.660+0000] {dagbag.py:545} INFO - Filling up the DagBag from /opt/airflow/dags/ingest_data_dag.py
[2025-11-12T09:46:37.667+0000] {processor.py:840} INFO - DAG(s) 'ingest_data_dag' retrieved from /opt/airflow/dags/ingest_data_dag.py
[2025-11-12T09:46:37.679+0000] {logging_mixin.py:188} INFO - [2025-11-12T09:46:37.679+0000] {dag.py:3096} INFO - Sync 1 DAGs
[2025-11-12T09:46:37.689+0000] {logging_mixin.py:188} INFO - [2025-11-12T09:46:37.689+0000] {dag.py:3954} INFO - Setting next_dagrun for ingest_data_dag to 2025-11-12 00:00:00+00:00, run_after=2025-11-13 00:00:00+00:00
[2025-11-12T09:46:37.701+0000] {processor.py:183} INFO - Processing /opt/airflow/dags/ingest_data_dag.py took 0.047 seconds
[2025-11-12T09:47:07.906+0000] {processor.py:161} INFO - Started process (PID=151) to work on /opt/airflow/dags/ingest_data_dag.py
[2025-11-12T09:47:07.906+0000] {processor.py:830} INFO - Processing file /opt/airflow/dags/ingest_data_dag.py for tasks to queue
[2025-11-12T09:47:07.907+0000] {logging_mixin.py:188} INFO - [2025-11-12T09:47:07.907+0000] {dagbag.py:545} INFO - Filling up the DagBag from /opt/airflow/dags/ingest_data_dag.py
[2025-11-12T09:47:07.912+0000] {processor.py:840} INFO - DAG(s) 'ingest_data_dag' retrieved from /opt/airflow/dags/ingest_data_dag.py
[2025-11-12T09:47:07.921+0000] {logging_mixin.py:188} INFO - [2025-11-12T09:47:07.921+0000] {dag.py:3096} INFO - Sync 1 DAGs
[2025-11-12T09:47:07.930+0000] {logging_mixin.py:188} INFO - [2025-11-12T09:47:07.930+0000] {dag.py:3954} INFO - Setting next_dagrun for ingest_data_dag to 2025-11-12 00:00:00+00:00, run_after=2025-11-13 00:00:00+00:00
[2025-11-12T09:47:07.941+0000] {processor.py:183} INFO - Processing /opt/airflow/dags/ingest_data_dag.py took 0.038 seconds
[2025-11-12T09:47:38.290+0000] {processor.py:161} INFO - Started process (PID=154) to work on /opt/airflow/dags/ingest_data_dag.py
[2025-11-12T09:47:38.290+0000] {processor.py:830} INFO - Processing file /opt/airflow/dags/ingest_data_dag.py for tasks to queue
[2025-11-12T09:47:38.291+0000] {logging_mixin.py:188} INFO - [2025-11-12T09:47:38.291+0000] {dagbag.py:545} INFO - Filling up the DagBag from /opt/airflow/dags/ingest_data_dag.py
[2025-11-12T09:47:38.297+0000] {processor.py:840} INFO - DAG(s) 'ingest_data_dag' retrieved from /opt/airflow/dags/ingest_data_dag.py
[2025-11-12T09:47:38.307+0000] {logging_mixin.py:188} INFO - [2025-11-12T09:47:38.307+0000] {dag.py:3096} INFO - Sync 1 DAGs
[2025-11-12T09:47:38.317+0000] {logging_mixin.py:188} INFO - [2025-11-12T09:47:38.317+0000] {dag.py:3954} INFO - Setting next_dagrun for ingest_data_dag to 2025-11-12 00:00:00+00:00, run_after=2025-11-13 00:00:00+00:00
[2025-11-12T09:47:38.332+0000] {processor.py:183} INFO - Processing /opt/airflow/dags/ingest_data_dag.py took 0.045 seconds
[2025-11-12T09:48:08.556+0000] {processor.py:161} INFO - Started process (PID=157) to work on /opt/airflow/dags/ingest_data_dag.py
[2025-11-12T09:48:08.556+0000] {processor.py:830} INFO - Processing file /opt/airflow/dags/ingest_data_dag.py for tasks to queue
[2025-11-12T09:48:08.557+0000] {logging_mixin.py:188} INFO - [2025-11-12T09:48:08.557+0000] {dagbag.py:545} INFO - Filling up the DagBag from /opt/airflow/dags/ingest_data_dag.py
[2025-11-12T09:48:08.562+0000] {processor.py:840} INFO - DAG(s) 'ingest_data_dag' retrieved from /opt/airflow/dags/ingest_data_dag.py
[2025-11-12T09:48:08.572+0000] {logging_mixin.py:188} INFO - [2025-11-12T09:48:08.572+0000] {dag.py:3096} INFO - Sync 1 DAGs
[2025-11-12T09:48:08.580+0000] {logging_mixin.py:188} INFO - [2025-11-12T09:48:08.580+0000] {dag.py:3954} INFO - Setting next_dagrun for ingest_data_dag to 2025-11-12 00:00:00+00:00, run_after=2025-11-13 00:00:00+00:00
[2025-11-12T09:48:08.591+0000] {processor.py:183} INFO - Processing /opt/airflow/dags/ingest_data_dag.py took 0.037 seconds
[2025-11-12T09:48:39.032+0000] {processor.py:161} INFO - Started process (PID=160) to work on /opt/airflow/dags/ingest_data_dag.py
[2025-11-12T09:48:39.032+0000] {processor.py:830} INFO - Processing file /opt/airflow/dags/ingest_data_dag.py for tasks to queue
[2025-11-12T09:48:39.033+0000] {logging_mixin.py:188} INFO - [2025-11-12T09:48:39.033+0000] {dagbag.py:545} INFO - Filling up the DagBag from /opt/airflow/dags/ingest_data_dag.py
[2025-11-12T09:48:39.040+0000] {processor.py:840} INFO - DAG(s) 'ingest_data_dag' retrieved from /opt/airflow/dags/ingest_data_dag.py
[2025-11-12T09:48:39.051+0000] {logging_mixin.py:188} INFO - [2025-11-12T09:48:39.050+0000] {dag.py:3096} INFO - Sync 1 DAGs
[2025-11-12T09:48:39.060+0000] {logging_mixin.py:188} INFO - [2025-11-12T09:48:39.060+0000] {dag.py:3954} INFO - Setting next_dagrun for ingest_data_dag to 2025-11-12 00:00:00+00:00, run_after=2025-11-13 00:00:00+00:00
[2025-11-12T09:48:39.071+0000] {processor.py:183} INFO - Processing /opt/airflow/dags/ingest_data_dag.py took 0.042 seconds
[2025-11-12T09:49:09.396+0000] {processor.py:161} INFO - Started process (PID=163) to work on /opt/airflow/dags/ingest_data_dag.py
[2025-11-12T09:49:09.396+0000] {processor.py:830} INFO - Processing file /opt/airflow/dags/ingest_data_dag.py for tasks to queue
[2025-11-12T09:49:09.397+0000] {logging_mixin.py:188} INFO - [2025-11-12T09:49:09.397+0000] {dagbag.py:545} INFO - Filling up the DagBag from /opt/airflow/dags/ingest_data_dag.py
[2025-11-12T09:49:09.403+0000] {processor.py:840} INFO - DAG(s) 'ingest_data_dag' retrieved from /opt/airflow/dags/ingest_data_dag.py
[2025-11-12T09:49:09.413+0000] {logging_mixin.py:188} INFO - [2025-11-12T09:49:09.413+0000] {dag.py:3096} INFO - Sync 1 DAGs
[2025-11-12T09:49:09.423+0000] {logging_mixin.py:188} INFO - [2025-11-12T09:49:09.423+0000] {dag.py:3954} INFO - Setting next_dagrun for ingest_data_dag to 2025-11-12 00:00:00+00:00, run_after=2025-11-13 00:00:00+00:00
[2025-11-12T09:49:09.437+0000] {processor.py:183} INFO - Processing /opt/airflow/dags/ingest_data_dag.py took 0.044 seconds
[2025-11-12T09:49:39.873+0000] {processor.py:161} INFO - Started process (PID=166) to work on /opt/airflow/dags/ingest_data_dag.py
[2025-11-12T09:49:39.874+0000] {processor.py:830} INFO - Processing file /opt/airflow/dags/ingest_data_dag.py for tasks to queue
[2025-11-12T09:49:39.875+0000] {logging_mixin.py:188} INFO - [2025-11-12T09:49:39.875+0000] {dagbag.py:545} INFO - Filling up the DagBag from /opt/airflow/dags/ingest_data_dag.py
[2025-11-12T09:49:39.882+0000] {processor.py:840} INFO - DAG(s) 'ingest_data_dag' retrieved from /opt/airflow/dags/ingest_data_dag.py
[2025-11-12T09:49:39.894+0000] {logging_mixin.py:188} INFO - [2025-11-12T09:49:39.894+0000] {dag.py:3096} INFO - Sync 1 DAGs
[2025-11-12T09:49:39.904+0000] {logging_mixin.py:188} INFO - [2025-11-12T09:49:39.904+0000] {dag.py:3954} INFO - Setting next_dagrun for ingest_data_dag to 2025-11-12 00:00:00+00:00, run_after=2025-11-13 00:00:00+00:00
[2025-11-12T09:49:39.918+0000] {processor.py:183} INFO - Processing /opt/airflow/dags/ingest_data_dag.py took 0.049 seconds
[2025-11-12T09:50:15.382+0000] {processor.py:161} INFO - Started process (PID=169) to work on /opt/airflow/dags/ingest_data_dag.py
[2025-11-12T09:50:15.383+0000] {processor.py:830} INFO - Processing file /opt/airflow/dags/ingest_data_dag.py for tasks to queue
[2025-11-12T09:50:15.384+0000] {logging_mixin.py:188} INFO - [2025-11-12T09:50:15.384+0000] {dagbag.py:545} INFO - Filling up the DagBag from /opt/airflow/dags/ingest_data_dag.py
[2025-11-12T09:50:15.390+0000] {processor.py:840} INFO - DAG(s) 'ingest_data_dag' retrieved from /opt/airflow/dags/ingest_data_dag.py
[2025-11-12T09:50:15.401+0000] {logging_mixin.py:188} INFO - [2025-11-12T09:50:15.401+0000] {dag.py:3096} INFO - Sync 1 DAGs
[2025-11-12T09:50:15.411+0000] {logging_mixin.py:188} INFO - [2025-11-12T09:50:15.411+0000] {dag.py:3954} INFO - Setting next_dagrun for ingest_data_dag to 2025-11-12 00:00:00+00:00, run_after=2025-11-13 00:00:00+00:00
[2025-11-12T09:50:15.424+0000] {processor.py:183} INFO - Processing /opt/airflow/dags/ingest_data_dag.py took 0.045 seconds
[2025-11-12T09:50:45.660+0000] {processor.py:161} INFO - Started process (PID=172) to work on /opt/airflow/dags/ingest_data_dag.py
[2025-11-12T09:50:45.661+0000] {processor.py:830} INFO - Processing file /opt/airflow/dags/ingest_data_dag.py for tasks to queue
[2025-11-12T09:50:45.662+0000] {logging_mixin.py:188} INFO - [2025-11-12T09:50:45.662+0000] {dagbag.py:545} INFO - Filling up the DagBag from /opt/airflow/dags/ingest_data_dag.py
[2025-11-12T09:50:45.668+0000] {processor.py:840} INFO - DAG(s) 'ingest_data_dag' retrieved from /opt/airflow/dags/ingest_data_dag.py
[2025-11-12T09:50:45.678+0000] {logging_mixin.py:188} INFO - [2025-11-12T09:50:45.678+0000] {dag.py:3096} INFO - Sync 1 DAGs
[2025-11-12T09:50:45.688+0000] {logging_mixin.py:188} INFO - [2025-11-12T09:50:45.688+0000] {dag.py:3954} INFO - Setting next_dagrun for ingest_data_dag to 2025-11-12 00:00:00+00:00, run_after=2025-11-13 00:00:00+00:00
[2025-11-12T09:50:45.700+0000] {processor.py:183} INFO - Processing /opt/airflow/dags/ingest_data_dag.py took 0.042 seconds
[2025-11-12T09:51:16.063+0000] {processor.py:161} INFO - Started process (PID=175) to work on /opt/airflow/dags/ingest_data_dag.py
[2025-11-12T09:51:16.064+0000] {processor.py:830} INFO - Processing file /opt/airflow/dags/ingest_data_dag.py for tasks to queue
[2025-11-12T09:51:16.065+0000] {logging_mixin.py:188} INFO - [2025-11-12T09:51:16.065+0000] {dagbag.py:545} INFO - Filling up the DagBag from /opt/airflow/dags/ingest_data_dag.py
[2025-11-12T09:51:16.070+0000] {processor.py:840} INFO - DAG(s) 'ingest_data_dag' retrieved from /opt/airflow/dags/ingest_data_dag.py
[2025-11-12T09:51:16.081+0000] {logging_mixin.py:188} INFO - [2025-11-12T09:51:16.081+0000] {dag.py:3096} INFO - Sync 1 DAGs
[2025-11-12T09:51:16.091+0000] {logging_mixin.py:188} INFO - [2025-11-12T09:51:16.091+0000] {dag.py:3954} INFO - Setting next_dagrun for ingest_data_dag to 2025-11-12 00:00:00+00:00, run_after=2025-11-13 00:00:00+00:00
[2025-11-12T09:51:16.104+0000] {processor.py:183} INFO - Processing /opt/airflow/dags/ingest_data_dag.py took 0.044 seconds
[2025-11-12T09:51:46.578+0000] {processor.py:161} INFO - Started process (PID=178) to work on /opt/airflow/dags/ingest_data_dag.py
[2025-11-12T09:51:46.578+0000] {processor.py:830} INFO - Processing file /opt/airflow/dags/ingest_data_dag.py for tasks to queue
[2025-11-12T09:51:46.579+0000] {logging_mixin.py:188} INFO - [2025-11-12T09:51:46.579+0000] {dagbag.py:545} INFO - Filling up the DagBag from /opt/airflow/dags/ingest_data_dag.py
[2025-11-12T09:51:46.588+0000] {processor.py:840} INFO - DAG(s) 'ingest_data_dag' retrieved from /opt/airflow/dags/ingest_data_dag.py
[2025-11-12T09:51:46.602+0000] {logging_mixin.py:188} INFO - [2025-11-12T09:51:46.602+0000] {dag.py:3096} INFO - Sync 1 DAGs
[2025-11-12T09:51:46.612+0000] {logging_mixin.py:188} INFO - [2025-11-12T09:51:46.612+0000] {dag.py:3954} INFO - Setting next_dagrun for ingest_data_dag to 2025-11-12 00:00:00+00:00, run_after=2025-11-13 00:00:00+00:00
[2025-11-12T09:51:46.623+0000] {processor.py:183} INFO - Processing /opt/airflow/dags/ingest_data_dag.py took 0.048 seconds
[2025-11-12T09:52:16.979+0000] {processor.py:161} INFO - Started process (PID=181) to work on /opt/airflow/dags/ingest_data_dag.py
[2025-11-12T09:52:16.980+0000] {processor.py:830} INFO - Processing file /opt/airflow/dags/ingest_data_dag.py for tasks to queue
[2025-11-12T09:52:16.981+0000] {logging_mixin.py:188} INFO - [2025-11-12T09:52:16.981+0000] {dagbag.py:545} INFO - Filling up the DagBag from /opt/airflow/dags/ingest_data_dag.py
[2025-11-12T09:52:16.987+0000] {processor.py:840} INFO - DAG(s) 'ingest_data_dag' retrieved from /opt/airflow/dags/ingest_data_dag.py
[2025-11-12T09:52:16.998+0000] {logging_mixin.py:188} INFO - [2025-11-12T09:52:16.998+0000] {dag.py:3096} INFO - Sync 1 DAGs
[2025-11-12T09:52:17.008+0000] {logging_mixin.py:188} INFO - [2025-11-12T09:52:17.007+0000] {dag.py:3954} INFO - Setting next_dagrun for ingest_data_dag to 2025-11-12 00:00:00+00:00, run_after=2025-11-13 00:00:00+00:00
[2025-11-12T09:52:17.019+0000] {processor.py:183} INFO - Processing /opt/airflow/dags/ingest_data_dag.py took 0.043 seconds
[2025-11-12T09:52:47.465+0000] {processor.py:161} INFO - Started process (PID=184) to work on /opt/airflow/dags/ingest_data_dag.py
[2025-11-12T09:52:47.465+0000] {processor.py:830} INFO - Processing file /opt/airflow/dags/ingest_data_dag.py for tasks to queue
[2025-11-12T09:52:47.466+0000] {logging_mixin.py:188} INFO - [2025-11-12T09:52:47.466+0000] {dagbag.py:545} INFO - Filling up the DagBag from /opt/airflow/dags/ingest_data_dag.py
[2025-11-12T09:52:47.474+0000] {processor.py:840} INFO - DAG(s) 'ingest_data_dag' retrieved from /opt/airflow/dags/ingest_data_dag.py
[2025-11-12T09:52:47.486+0000] {logging_mixin.py:188} INFO - [2025-11-12T09:52:47.486+0000] {dag.py:3096} INFO - Sync 1 DAGs
[2025-11-12T09:52:47.497+0000] {logging_mixin.py:188} INFO - [2025-11-12T09:52:47.497+0000] {dag.py:3954} INFO - Setting next_dagrun for ingest_data_dag to 2025-11-12 00:00:00+00:00, run_after=2025-11-13 00:00:00+00:00
[2025-11-12T09:52:47.515+0000] {processor.py:183} INFO - Processing /opt/airflow/dags/ingest_data_dag.py took 0.053 seconds
[2025-11-12T09:53:17.875+0000] {processor.py:161} INFO - Started process (PID=187) to work on /opt/airflow/dags/ingest_data_dag.py
[2025-11-12T09:53:17.876+0000] {processor.py:830} INFO - Processing file /opt/airflow/dags/ingest_data_dag.py for tasks to queue
[2025-11-12T09:53:17.877+0000] {logging_mixin.py:188} INFO - [2025-11-12T09:53:17.876+0000] {dagbag.py:545} INFO - Filling up the DagBag from /opt/airflow/dags/ingest_data_dag.py
[2025-11-12T09:53:17.883+0000] {processor.py:840} INFO - DAG(s) 'ingest_data_dag' retrieved from /opt/airflow/dags/ingest_data_dag.py
[2025-11-12T09:53:17.893+0000] {logging_mixin.py:188} INFO - [2025-11-12T09:53:17.892+0000] {dag.py:3096} INFO - Sync 1 DAGs
[2025-11-12T09:53:17.901+0000] {logging_mixin.py:188} INFO - [2025-11-12T09:53:17.901+0000] {dag.py:3954} INFO - Setting next_dagrun for ingest_data_dag to 2025-11-12 00:00:00+00:00, run_after=2025-11-13 00:00:00+00:00
[2025-11-12T09:53:17.913+0000] {processor.py:183} INFO - Processing /opt/airflow/dags/ingest_data_dag.py took 0.040 seconds
[2025-11-12T09:53:48.279+0000] {processor.py:161} INFO - Started process (PID=190) to work on /opt/airflow/dags/ingest_data_dag.py
[2025-11-12T09:53:48.280+0000] {processor.py:830} INFO - Processing file /opt/airflow/dags/ingest_data_dag.py for tasks to queue
[2025-11-12T09:53:48.281+0000] {logging_mixin.py:188} INFO - [2025-11-12T09:53:48.281+0000] {dagbag.py:545} INFO - Filling up the DagBag from /opt/airflow/dags/ingest_data_dag.py
[2025-11-12T09:53:48.287+0000] {processor.py:840} INFO - DAG(s) 'ingest_data_dag' retrieved from /opt/airflow/dags/ingest_data_dag.py
[2025-11-12T09:53:48.298+0000] {logging_mixin.py:188} INFO - [2025-11-12T09:53:48.298+0000] {dag.py:3096} INFO - Sync 1 DAGs
[2025-11-12T09:53:48.308+0000] {logging_mixin.py:188} INFO - [2025-11-12T09:53:48.308+0000] {dag.py:3954} INFO - Setting next_dagrun for ingest_data_dag to 2025-11-12 00:00:00+00:00, run_after=2025-11-13 00:00:00+00:00
[2025-11-12T09:53:48.321+0000] {processor.py:183} INFO - Processing /opt/airflow/dags/ingest_data_dag.py took 0.044 seconds
[2025-11-12T09:54:18.579+0000] {processor.py:161} INFO - Started process (PID=193) to work on /opt/airflow/dags/ingest_data_dag.py
[2025-11-12T09:54:18.580+0000] {processor.py:830} INFO - Processing file /opt/airflow/dags/ingest_data_dag.py for tasks to queue
[2025-11-12T09:54:18.581+0000] {logging_mixin.py:188} INFO - [2025-11-12T09:54:18.580+0000] {dagbag.py:545} INFO - Filling up the DagBag from /opt/airflow/dags/ingest_data_dag.py
[2025-11-12T09:54:18.586+0000] {processor.py:840} INFO - DAG(s) 'ingest_data_dag' retrieved from /opt/airflow/dags/ingest_data_dag.py
[2025-11-12T09:54:18.596+0000] {logging_mixin.py:188} INFO - [2025-11-12T09:54:18.596+0000] {dag.py:3096} INFO - Sync 1 DAGs
[2025-11-12T09:54:18.604+0000] {logging_mixin.py:188} INFO - [2025-11-12T09:54:18.604+0000] {dag.py:3954} INFO - Setting next_dagrun for ingest_data_dag to 2025-11-12 00:00:00+00:00, run_after=2025-11-13 00:00:00+00:00
[2025-11-12T09:54:18.615+0000] {processor.py:183} INFO - Processing /opt/airflow/dags/ingest_data_dag.py took 0.038 seconds
[2025-11-12T09:54:49.179+0000] {processor.py:161} INFO - Started process (PID=196) to work on /opt/airflow/dags/ingest_data_dag.py
[2025-11-12T09:54:49.180+0000] {processor.py:830} INFO - Processing file /opt/airflow/dags/ingest_data_dag.py for tasks to queue
[2025-11-12T09:54:49.181+0000] {logging_mixin.py:188} INFO - [2025-11-12T09:54:49.181+0000] {dagbag.py:545} INFO - Filling up the DagBag from /opt/airflow/dags/ingest_data_dag.py
[2025-11-12T09:54:49.187+0000] {processor.py:840} INFO - DAG(s) 'ingest_data_dag' retrieved from /opt/airflow/dags/ingest_data_dag.py
[2025-11-12T09:54:49.198+0000] {logging_mixin.py:188} INFO - [2025-11-12T09:54:49.198+0000] {dag.py:3096} INFO - Sync 1 DAGs
[2025-11-12T09:54:49.208+0000] {logging_mixin.py:188} INFO - [2025-11-12T09:54:49.208+0000] {dag.py:3954} INFO - Setting next_dagrun for ingest_data_dag to 2025-11-12 00:00:00+00:00, run_after=2025-11-13 00:00:00+00:00
[2025-11-12T09:54:49.222+0000] {processor.py:183} INFO - Processing /opt/airflow/dags/ingest_data_dag.py took 0.046 seconds
[2025-11-12T09:55:19.828+0000] {processor.py:161} INFO - Started process (PID=199) to work on /opt/airflow/dags/ingest_data_dag.py
[2025-11-12T09:55:19.830+0000] {processor.py:830} INFO - Processing file /opt/airflow/dags/ingest_data_dag.py for tasks to queue
[2025-11-12T09:55:19.832+0000] {logging_mixin.py:188} INFO - [2025-11-12T09:55:19.831+0000] {dagbag.py:545} INFO - Filling up the DagBag from /opt/airflow/dags/ingest_data_dag.py
[2025-11-12T09:55:19.845+0000] {processor.py:840} INFO - DAG(s) 'ingest_data_dag' retrieved from /opt/airflow/dags/ingest_data_dag.py
[2025-11-12T09:55:19.863+0000] {logging_mixin.py:188} INFO - [2025-11-12T09:55:19.862+0000] {dag.py:3096} INFO - Sync 1 DAGs
[2025-11-12T09:55:19.875+0000] {logging_mixin.py:188} INFO - [2025-11-12T09:55:19.875+0000] {dag.py:3954} INFO - Setting next_dagrun for ingest_data_dag to 2025-11-12 00:00:00+00:00, run_after=2025-11-13 00:00:00+00:00
[2025-11-12T09:55:19.892+0000] {processor.py:183} INFO - Processing /opt/airflow/dags/ingest_data_dag.py took 0.072 seconds
[2025-11-12T09:56:30.351+0000] {processor.py:161} INFO - Started process (PID=27) to work on /opt/airflow/dags/ingest_data_dag.py
[2025-11-12T09:56:30.352+0000] {processor.py:830} INFO - Processing file /opt/airflow/dags/ingest_data_dag.py for tasks to queue
[2025-11-12T09:56:30.353+0000] {logging_mixin.py:188} INFO - [2025-11-12T09:56:30.353+0000] {dagbag.py:545} INFO - Filling up the DagBag from /opt/airflow/dags/ingest_data_dag.py
[2025-11-12T09:56:30.360+0000] {processor.py:840} INFO - DAG(s) 'ingest_data_dag' retrieved from /opt/airflow/dags/ingest_data_dag.py
[2025-11-12T09:56:30.364+0000] {logging_mixin.py:188} INFO - [2025-11-12T09:56:30.364+0000] {dag.py:3096} INFO - Sync 1 DAGs
[2025-11-12T09:56:30.379+0000] {logging_mixin.py:188} INFO - [2025-11-12T09:56:30.379+0000] {dag.py:3954} INFO - Setting next_dagrun for ingest_data_dag to 2025-11-12 00:00:00+00:00, run_after=2025-11-13 00:00:00+00:00
[2025-11-12T09:56:30.395+0000] {processor.py:183} INFO - Processing /opt/airflow/dags/ingest_data_dag.py took 0.047 seconds
[2025-11-12T09:57:01.873+0000] {processor.py:161} INFO - Started process (PID=30) to work on /opt/airflow/dags/ingest_data_dag.py
[2025-11-12T09:57:01.874+0000] {processor.py:830} INFO - Processing file /opt/airflow/dags/ingest_data_dag.py for tasks to queue
[2025-11-12T09:57:01.876+0000] {logging_mixin.py:188} INFO - [2025-11-12T09:57:01.876+0000] {dagbag.py:545} INFO - Filling up the DagBag from /opt/airflow/dags/ingest_data_dag.py
[2025-11-12T09:57:01.901+0000] {processor.py:840} INFO - DAG(s) 'ingest_data_dag' retrieved from /opt/airflow/dags/ingest_data_dag.py
[2025-11-12T09:57:01.971+0000] {logging_mixin.py:188} INFO - [2025-11-12T09:57:01.971+0000] {dag.py:3096} INFO - Sync 1 DAGs
[2025-11-12T09:57:01.990+0000] {logging_mixin.py:188} INFO - [2025-11-12T09:57:01.990+0000] {dag.py:3954} INFO - Setting next_dagrun for ingest_data_dag to 2025-11-12 00:00:00+00:00, run_after=2025-11-13 00:00:00+00:00
[2025-11-12T09:57:02.025+0000] {processor.py:183} INFO - Processing /opt/airflow/dags/ingest_data_dag.py took 0.158 seconds
[2025-11-12T09:57:32.978+0000] {processor.py:161} INFO - Started process (PID=33) to work on /opt/airflow/dags/ingest_data_dag.py
[2025-11-12T09:57:32.978+0000] {processor.py:830} INFO - Processing file /opt/airflow/dags/ingest_data_dag.py for tasks to queue
[2025-11-12T09:57:32.979+0000] {logging_mixin.py:188} INFO - [2025-11-12T09:57:32.979+0000] {dagbag.py:545} INFO - Filling up the DagBag from /opt/airflow/dags/ingest_data_dag.py
[2025-11-12T09:57:32.985+0000] {processor.py:840} INFO - DAG(s) 'ingest_data_dag' retrieved from /opt/airflow/dags/ingest_data_dag.py
[2025-11-12T09:57:32.995+0000] {logging_mixin.py:188} INFO - [2025-11-12T09:57:32.994+0000] {dag.py:3096} INFO - Sync 1 DAGs
[2025-11-12T09:57:33.003+0000] {logging_mixin.py:188} INFO - [2025-11-12T09:57:33.003+0000] {dag.py:3954} INFO - Setting next_dagrun for ingest_data_dag to 2025-11-12 00:00:00+00:00, run_after=2025-11-13 00:00:00+00:00
[2025-11-12T09:57:33.013+0000] {processor.py:183} INFO - Processing /opt/airflow/dags/ingest_data_dag.py took 0.038 seconds
[2025-11-12T09:58:03.821+0000] {processor.py:161} INFO - Started process (PID=56) to work on /opt/airflow/dags/ingest_data_dag.py
[2025-11-12T09:58:03.822+0000] {processor.py:830} INFO - Processing file /opt/airflow/dags/ingest_data_dag.py for tasks to queue
[2025-11-12T09:58:03.823+0000] {logging_mixin.py:188} INFO - [2025-11-12T09:58:03.823+0000] {dagbag.py:545} INFO - Filling up the DagBag from /opt/airflow/dags/ingest_data_dag.py
[2025-11-12T09:58:03.829+0000] {processor.py:840} INFO - DAG(s) 'ingest_data_dag' retrieved from /opt/airflow/dags/ingest_data_dag.py
[2025-11-12T09:58:03.840+0000] {logging_mixin.py:188} INFO - [2025-11-12T09:58:03.840+0000] {dag.py:3096} INFO - Sync 1 DAGs
[2025-11-12T09:58:03.850+0000] {logging_mixin.py:188} INFO - [2025-11-12T09:58:03.850+0000] {dag.py:3954} INFO - Setting next_dagrun for ingest_data_dag to 2025-11-12 00:00:00+00:00, run_after=2025-11-13 00:00:00+00:00
[2025-11-12T09:58:03.864+0000] {processor.py:183} INFO - Processing /opt/airflow/dags/ingest_data_dag.py took 0.046 seconds
