[2025-11-12T09:30:12.911+0000] {processor.py:161} INFO - Started process (PID=25) to work on /opt/airflow/dags/prediction_dag.py
[2025-11-12T09:30:12.913+0000] {processor.py:830} INFO - Processing file /opt/airflow/dags/prediction_dag.py for tasks to queue
[2025-11-12T09:30:12.914+0000] {logging_mixin.py:188} INFO - [2025-11-12T09:30:12.914+0000] {dagbag.py:545} INFO - Filling up the DagBag from /opt/airflow/dags/prediction_dag.py
[2025-11-12T09:30:13.252+0000] {processor.py:840} INFO - DAG(s) 'prediction_dag' retrieved from /opt/airflow/dags/prediction_dag.py
[2025-11-12T09:30:13.265+0000] {logging_mixin.py:188} INFO - [2025-11-12T09:30:13.265+0000] {dag.py:3096} INFO - Sync 1 DAGs
[2025-11-12T09:30:13.282+0000] {logging_mixin.py:188} INFO - [2025-11-12T09:30:13.282+0000] {dag.py:3954} INFO - Setting next_dagrun for prediction_dag to 2025-11-11 00:00:00+00:00, run_after=2025-11-12 00:00:00+00:00
[2025-11-12T09:30:13.304+0000] {processor.py:183} INFO - Processing /opt/airflow/dags/prediction_dag.py took 0.396 seconds
[2025-11-12T09:30:43.454+0000] {processor.py:161} INFO - Started process (PID=66) to work on /opt/airflow/dags/prediction_dag.py
[2025-11-12T09:30:43.455+0000] {processor.py:830} INFO - Processing file /opt/airflow/dags/prediction_dag.py for tasks to queue
[2025-11-12T09:30:43.457+0000] {logging_mixin.py:188} INFO - [2025-11-12T09:30:43.457+0000] {dagbag.py:545} INFO - Filling up the DagBag from /opt/airflow/dags/prediction_dag.py
[2025-11-12T09:30:43.695+0000] {processor.py:840} INFO - DAG(s) 'prediction_dag' retrieved from /opt/airflow/dags/prediction_dag.py
[2025-11-12T09:30:43.788+0000] {logging_mixin.py:188} INFO - [2025-11-12T09:30:43.787+0000] {dag.py:3096} INFO - Sync 1 DAGs
[2025-11-12T09:30:43.900+0000] {logging_mixin.py:188} INFO - [2025-11-12T09:30:43.900+0000] {dag.py:3954} INFO - Setting next_dagrun for prediction_dag to 2025-11-12 00:00:00+00:00, run_after=2025-11-13 00:00:00+00:00
[2025-11-12T09:30:43.915+0000] {processor.py:183} INFO - Processing /opt/airflow/dags/prediction_dag.py took 0.467 seconds
[2025-11-12T09:31:14.066+0000] {processor.py:161} INFO - Started process (PID=69) to work on /opt/airflow/dags/prediction_dag.py
[2025-11-12T09:31:14.067+0000] {processor.py:830} INFO - Processing file /opt/airflow/dags/prediction_dag.py for tasks to queue
[2025-11-12T09:31:14.070+0000] {logging_mixin.py:188} INFO - [2025-11-12T09:31:14.069+0000] {dagbag.py:545} INFO - Filling up the DagBag from /opt/airflow/dags/prediction_dag.py
[2025-11-12T09:31:14.290+0000] {processor.py:840} INFO - DAG(s) 'prediction_dag' retrieved from /opt/airflow/dags/prediction_dag.py
[2025-11-12T09:31:14.302+0000] {logging_mixin.py:188} INFO - [2025-11-12T09:31:14.302+0000] {dag.py:3096} INFO - Sync 1 DAGs
[2025-11-12T09:31:14.314+0000] {logging_mixin.py:188} INFO - [2025-11-12T09:31:14.314+0000] {dag.py:3954} INFO - Setting next_dagrun for prediction_dag to 2025-11-12 00:00:00+00:00, run_after=2025-11-13 00:00:00+00:00
[2025-11-12T09:31:14.327+0000] {processor.py:183} INFO - Processing /opt/airflow/dags/prediction_dag.py took 0.270 seconds
[2025-11-12T09:31:44.492+0000] {processor.py:161} INFO - Started process (PID=72) to work on /opt/airflow/dags/prediction_dag.py
[2025-11-12T09:31:44.494+0000] {processor.py:830} INFO - Processing file /opt/airflow/dags/prediction_dag.py for tasks to queue
[2025-11-12T09:31:44.496+0000] {logging_mixin.py:188} INFO - [2025-11-12T09:31:44.496+0000] {dagbag.py:545} INFO - Filling up the DagBag from /opt/airflow/dags/prediction_dag.py
[2025-11-12T09:31:44.716+0000] {processor.py:840} INFO - DAG(s) 'prediction_dag' retrieved from /opt/airflow/dags/prediction_dag.py
[2025-11-12T09:31:44.729+0000] {logging_mixin.py:188} INFO - [2025-11-12T09:31:44.729+0000] {dag.py:3096} INFO - Sync 1 DAGs
[2025-11-12T09:31:44.745+0000] {logging_mixin.py:188} INFO - [2025-11-12T09:31:44.745+0000] {dag.py:3954} INFO - Setting next_dagrun for prediction_dag to 2025-11-12 00:00:00+00:00, run_after=2025-11-13 00:00:00+00:00
[2025-11-12T09:31:44.759+0000] {processor.py:183} INFO - Processing /opt/airflow/dags/prediction_dag.py took 0.272 seconds
[2025-11-12T09:32:14.909+0000] {processor.py:161} INFO - Started process (PID=75) to work on /opt/airflow/dags/prediction_dag.py
[2025-11-12T09:32:14.910+0000] {processor.py:830} INFO - Processing file /opt/airflow/dags/prediction_dag.py for tasks to queue
[2025-11-12T09:32:14.914+0000] {logging_mixin.py:188} INFO - [2025-11-12T09:32:14.913+0000] {dagbag.py:545} INFO - Filling up the DagBag from /opt/airflow/dags/prediction_dag.py
[2025-11-12T09:32:15.118+0000] {processor.py:840} INFO - DAG(s) 'prediction_dag' retrieved from /opt/airflow/dags/prediction_dag.py
[2025-11-12T09:32:15.131+0000] {logging_mixin.py:188} INFO - [2025-11-12T09:32:15.131+0000] {dag.py:3096} INFO - Sync 1 DAGs
[2025-11-12T09:32:15.143+0000] {logging_mixin.py:188} INFO - [2025-11-12T09:32:15.143+0000] {dag.py:3954} INFO - Setting next_dagrun for prediction_dag to 2025-11-12 00:00:00+00:00, run_after=2025-11-13 00:00:00+00:00
[2025-11-12T09:32:15.155+0000] {processor.py:183} INFO - Processing /opt/airflow/dags/prediction_dag.py took 0.250 seconds
[2025-11-12T09:32:45.276+0000] {processor.py:161} INFO - Started process (PID=78) to work on /opt/airflow/dags/prediction_dag.py
[2025-11-12T09:32:45.277+0000] {processor.py:830} INFO - Processing file /opt/airflow/dags/prediction_dag.py for tasks to queue
[2025-11-12T09:32:45.279+0000] {logging_mixin.py:188} INFO - [2025-11-12T09:32:45.279+0000] {dagbag.py:545} INFO - Filling up the DagBag from /opt/airflow/dags/prediction_dag.py
[2025-11-12T09:32:45.521+0000] {processor.py:840} INFO - DAG(s) 'prediction_dag' retrieved from /opt/airflow/dags/prediction_dag.py
[2025-11-12T09:32:45.535+0000] {logging_mixin.py:188} INFO - [2025-11-12T09:32:45.535+0000] {dag.py:3096} INFO - Sync 1 DAGs
[2025-11-12T09:32:45.548+0000] {logging_mixin.py:188} INFO - [2025-11-12T09:32:45.547+0000] {dag.py:3954} INFO - Setting next_dagrun for prediction_dag to 2025-11-12 00:00:00+00:00, run_after=2025-11-13 00:00:00+00:00
[2025-11-12T09:32:45.561+0000] {processor.py:183} INFO - Processing /opt/airflow/dags/prediction_dag.py took 0.290 seconds
[2025-11-12T09:33:15.691+0000] {processor.py:161} INFO - Started process (PID=81) to work on /opt/airflow/dags/prediction_dag.py
[2025-11-12T09:33:15.693+0000] {processor.py:830} INFO - Processing file /opt/airflow/dags/prediction_dag.py for tasks to queue
[2025-11-12T09:33:15.695+0000] {logging_mixin.py:188} INFO - [2025-11-12T09:33:15.694+0000] {dagbag.py:545} INFO - Filling up the DagBag from /opt/airflow/dags/prediction_dag.py
[2025-11-12T09:33:15.933+0000] {processor.py:840} INFO - DAG(s) 'prediction_dag' retrieved from /opt/airflow/dags/prediction_dag.py
[2025-11-12T09:33:15.952+0000] {logging_mixin.py:188} INFO - [2025-11-12T09:33:15.952+0000] {dag.py:3096} INFO - Sync 1 DAGs
[2025-11-12T09:33:15.965+0000] {logging_mixin.py:188} INFO - [2025-11-12T09:33:15.965+0000] {dag.py:3954} INFO - Setting next_dagrun for prediction_dag to 2025-11-12 00:00:00+00:00, run_after=2025-11-13 00:00:00+00:00
[2025-11-12T09:33:16.091+0000] {processor.py:183} INFO - Processing /opt/airflow/dags/prediction_dag.py took 0.404 seconds
[2025-11-12T09:33:46.321+0000] {processor.py:161} INFO - Started process (PID=84) to work on /opt/airflow/dags/prediction_dag.py
[2025-11-12T09:33:46.322+0000] {processor.py:830} INFO - Processing file /opt/airflow/dags/prediction_dag.py for tasks to queue
[2025-11-12T09:33:46.324+0000] {logging_mixin.py:188} INFO - [2025-11-12T09:33:46.324+0000] {dagbag.py:545} INFO - Filling up the DagBag from /opt/airflow/dags/prediction_dag.py
[2025-11-12T09:33:46.591+0000] {processor.py:840} INFO - DAG(s) 'prediction_dag' retrieved from /opt/airflow/dags/prediction_dag.py
[2025-11-12T09:33:46.606+0000] {logging_mixin.py:188} INFO - [2025-11-12T09:33:46.606+0000] {dag.py:3096} INFO - Sync 1 DAGs
[2025-11-12T09:33:46.619+0000] {logging_mixin.py:188} INFO - [2025-11-12T09:33:46.619+0000] {dag.py:3954} INFO - Setting next_dagrun for prediction_dag to 2025-11-12 00:00:00+00:00, run_after=2025-11-13 00:00:00+00:00
[2025-11-12T09:33:46.633+0000] {processor.py:183} INFO - Processing /opt/airflow/dags/prediction_dag.py took 0.316 seconds
[2025-11-12T09:34:16.842+0000] {processor.py:161} INFO - Started process (PID=87) to work on /opt/airflow/dags/prediction_dag.py
[2025-11-12T09:34:16.842+0000] {processor.py:830} INFO - Processing file /opt/airflow/dags/prediction_dag.py for tasks to queue
[2025-11-12T09:34:16.845+0000] {logging_mixin.py:188} INFO - [2025-11-12T09:34:16.844+0000] {dagbag.py:545} INFO - Filling up the DagBag from /opt/airflow/dags/prediction_dag.py
[2025-11-12T09:34:17.041+0000] {processor.py:840} INFO - DAG(s) 'prediction_dag' retrieved from /opt/airflow/dags/prediction_dag.py
[2025-11-12T09:34:17.055+0000] {logging_mixin.py:188} INFO - [2025-11-12T09:34:17.055+0000] {dag.py:3096} INFO - Sync 1 DAGs
[2025-11-12T09:34:17.068+0000] {logging_mixin.py:188} INFO - [2025-11-12T09:34:17.068+0000] {dag.py:3954} INFO - Setting next_dagrun for prediction_dag to 2025-11-12 00:00:00+00:00, run_after=2025-11-13 00:00:00+00:00
[2025-11-12T09:34:17.082+0000] {processor.py:183} INFO - Processing /opt/airflow/dags/prediction_dag.py took 0.246 seconds
[2025-11-12T09:34:47.233+0000] {processor.py:161} INFO - Started process (PID=90) to work on /opt/airflow/dags/prediction_dag.py
[2025-11-12T09:34:47.234+0000] {processor.py:830} INFO - Processing file /opt/airflow/dags/prediction_dag.py for tasks to queue
[2025-11-12T09:34:47.235+0000] {logging_mixin.py:188} INFO - [2025-11-12T09:34:47.234+0000] {dagbag.py:545} INFO - Filling up the DagBag from /opt/airflow/dags/prediction_dag.py
[2025-11-12T09:34:47.374+0000] {processor.py:840} INFO - DAG(s) 'prediction_dag' retrieved from /opt/airflow/dags/prediction_dag.py
[2025-11-12T09:34:47.383+0000] {logging_mixin.py:188} INFO - [2025-11-12T09:34:47.383+0000] {dag.py:3096} INFO - Sync 1 DAGs
[2025-11-12T09:34:47.393+0000] {logging_mixin.py:188} INFO - [2025-11-12T09:34:47.393+0000] {dag.py:3954} INFO - Setting next_dagrun for prediction_dag to 2025-11-12 00:00:00+00:00, run_after=2025-11-13 00:00:00+00:00
[2025-11-12T09:34:47.403+0000] {processor.py:183} INFO - Processing /opt/airflow/dags/prediction_dag.py took 0.172 seconds
[2025-11-12T09:35:17.541+0000] {processor.py:161} INFO - Started process (PID=93) to work on /opt/airflow/dags/prediction_dag.py
[2025-11-12T09:35:17.542+0000] {processor.py:830} INFO - Processing file /opt/airflow/dags/prediction_dag.py for tasks to queue
[2025-11-12T09:35:17.543+0000] {logging_mixin.py:188} INFO - [2025-11-12T09:35:17.542+0000] {dagbag.py:545} INFO - Filling up the DagBag from /opt/airflow/dags/prediction_dag.py
[2025-11-12T09:35:17.717+0000] {processor.py:840} INFO - DAG(s) 'prediction_dag' retrieved from /opt/airflow/dags/prediction_dag.py
[2025-11-12T09:35:17.728+0000] {logging_mixin.py:188} INFO - [2025-11-12T09:35:17.728+0000] {dag.py:3096} INFO - Sync 1 DAGs
[2025-11-12T09:35:17.737+0000] {logging_mixin.py:188} INFO - [2025-11-12T09:35:17.737+0000] {dag.py:3954} INFO - Setting next_dagrun for prediction_dag to 2025-11-12 00:00:00+00:00, run_after=2025-11-13 00:00:00+00:00
[2025-11-12T09:35:17.750+0000] {processor.py:183} INFO - Processing /opt/airflow/dags/prediction_dag.py took 0.214 seconds
[2025-11-12T09:35:47.948+0000] {processor.py:161} INFO - Started process (PID=96) to work on /opt/airflow/dags/prediction_dag.py
[2025-11-12T09:35:47.949+0000] {processor.py:830} INFO - Processing file /opt/airflow/dags/prediction_dag.py for tasks to queue
[2025-11-12T09:35:47.951+0000] {logging_mixin.py:188} INFO - [2025-11-12T09:35:47.951+0000] {dagbag.py:545} INFO - Filling up the DagBag from /opt/airflow/dags/prediction_dag.py
[2025-11-12T09:35:48.106+0000] {processor.py:840} INFO - DAG(s) 'prediction_dag' retrieved from /opt/airflow/dags/prediction_dag.py
[2025-11-12T09:35:48.116+0000] {logging_mixin.py:188} INFO - [2025-11-12T09:35:48.115+0000] {dag.py:3096} INFO - Sync 1 DAGs
[2025-11-12T09:35:48.126+0000] {logging_mixin.py:188} INFO - [2025-11-12T09:35:48.125+0000] {dag.py:3954} INFO - Setting next_dagrun for prediction_dag to 2025-11-12 00:00:00+00:00, run_after=2025-11-13 00:00:00+00:00
[2025-11-12T09:35:48.138+0000] {processor.py:183} INFO - Processing /opt/airflow/dags/prediction_dag.py took 0.196 seconds
[2025-11-12T09:36:18.236+0000] {processor.py:161} INFO - Started process (PID=99) to work on /opt/airflow/dags/prediction_dag.py
[2025-11-12T09:36:18.237+0000] {processor.py:830} INFO - Processing file /opt/airflow/dags/prediction_dag.py for tasks to queue
[2025-11-12T09:36:18.238+0000] {logging_mixin.py:188} INFO - [2025-11-12T09:36:18.238+0000] {dagbag.py:545} INFO - Filling up the DagBag from /opt/airflow/dags/prediction_dag.py
[2025-11-12T09:36:18.421+0000] {processor.py:840} INFO - DAG(s) 'prediction_dag' retrieved from /opt/airflow/dags/prediction_dag.py
[2025-11-12T09:36:18.431+0000] {logging_mixin.py:188} INFO - [2025-11-12T09:36:18.431+0000] {dag.py:3096} INFO - Sync 1 DAGs
[2025-11-12T09:36:18.443+0000] {logging_mixin.py:188} INFO - [2025-11-12T09:36:18.443+0000] {dag.py:3954} INFO - Setting next_dagrun for prediction_dag to 2025-11-12 00:00:00+00:00, run_after=2025-11-13 00:00:00+00:00
[2025-11-12T09:36:18.561+0000] {processor.py:183} INFO - Processing /opt/airflow/dags/prediction_dag.py took 0.328 seconds
[2025-11-12T09:36:48.791+0000] {processor.py:161} INFO - Started process (PID=102) to work on /opt/airflow/dags/prediction_dag.py
[2025-11-12T09:36:48.793+0000] {processor.py:830} INFO - Processing file /opt/airflow/dags/prediction_dag.py for tasks to queue
[2025-11-12T09:36:48.796+0000] {logging_mixin.py:188} INFO - [2025-11-12T09:36:48.795+0000] {dagbag.py:545} INFO - Filling up the DagBag from /opt/airflow/dags/prediction_dag.py
[2025-11-12T09:36:49.045+0000] {processor.py:840} INFO - DAG(s) 'prediction_dag' retrieved from /opt/airflow/dags/prediction_dag.py
[2025-11-12T09:36:49.059+0000] {logging_mixin.py:188} INFO - [2025-11-12T09:36:49.059+0000] {dag.py:3096} INFO - Sync 1 DAGs
[2025-11-12T09:36:49.213+0000] {logging_mixin.py:188} INFO - [2025-11-12T09:36:49.213+0000] {dag.py:3954} INFO - Setting next_dagrun for prediction_dag to 2025-11-12 00:00:00+00:00, run_after=2025-11-13 00:00:00+00:00
[2025-11-12T09:36:49.231+0000] {processor.py:183} INFO - Processing /opt/airflow/dags/prediction_dag.py took 0.455 seconds
[2025-11-12T09:39:28.597+0000] {processor.py:161} INFO - Started process (PID=104) to work on /opt/airflow/dags/prediction_dag.py
[2025-11-12T09:39:28.598+0000] {processor.py:830} INFO - Processing file /opt/airflow/dags/prediction_dag.py for tasks to queue
[2025-11-12T09:39:28.599+0000] {logging_mixin.py:188} INFO - [2025-11-12T09:39:28.599+0000] {dagbag.py:545} INFO - Filling up the DagBag from /opt/airflow/dags/prediction_dag.py
[2025-11-12T09:39:28.777+0000] {processor.py:840} INFO - DAG(s) 'prediction_dag' retrieved from /opt/airflow/dags/prediction_dag.py
[2025-11-12T09:39:28.788+0000] {logging_mixin.py:188} INFO - [2025-11-12T09:39:28.788+0000] {dag.py:3096} INFO - Sync 1 DAGs
[2025-11-12T09:39:28.893+0000] {logging_mixin.py:188} INFO - [2025-11-12T09:39:28.893+0000] {dag.py:3954} INFO - Setting next_dagrun for prediction_dag to 2025-11-12 00:00:00+00:00, run_after=2025-11-13 00:00:00+00:00
[2025-11-12T09:39:28.907+0000] {processor.py:183} INFO - Processing /opt/airflow/dags/prediction_dag.py took 0.313 seconds
[2025-11-12T09:39:59.273+0000] {processor.py:161} INFO - Started process (PID=107) to work on /opt/airflow/dags/prediction_dag.py
[2025-11-12T09:39:59.286+0000] {processor.py:830} INFO - Processing file /opt/airflow/dags/prediction_dag.py for tasks to queue
[2025-11-12T09:39:59.290+0000] {logging_mixin.py:188} INFO - [2025-11-12T09:39:59.289+0000] {dagbag.py:545} INFO - Filling up the DagBag from /opt/airflow/dags/prediction_dag.py
[2025-11-12T09:39:59.571+0000] {processor.py:840} INFO - DAG(s) 'prediction_dag' retrieved from /opt/airflow/dags/prediction_dag.py
[2025-11-12T09:39:59.586+0000] {logging_mixin.py:188} INFO - [2025-11-12T09:39:59.586+0000] {dag.py:3096} INFO - Sync 1 DAGs
[2025-11-12T09:39:59.601+0000] {logging_mixin.py:188} INFO - [2025-11-12T09:39:59.601+0000] {dag.py:3954} INFO - Setting next_dagrun for prediction_dag to 2025-11-12 00:00:00+00:00, run_after=2025-11-13 00:00:00+00:00
[2025-11-12T09:39:59.614+0000] {processor.py:183} INFO - Processing /opt/airflow/dags/prediction_dag.py took 0.364 seconds
[2025-11-12T09:40:29.870+0000] {processor.py:161} INFO - Started process (PID=110) to work on /opt/airflow/dags/prediction_dag.py
[2025-11-12T09:40:29.870+0000] {processor.py:830} INFO - Processing file /opt/airflow/dags/prediction_dag.py for tasks to queue
[2025-11-12T09:40:29.873+0000] {logging_mixin.py:188} INFO - [2025-11-12T09:40:29.873+0000] {dagbag.py:545} INFO - Filling up the DagBag from /opt/airflow/dags/prediction_dag.py
[2025-11-12T09:40:30.060+0000] {processor.py:840} INFO - DAG(s) 'prediction_dag' retrieved from /opt/airflow/dags/prediction_dag.py
[2025-11-12T09:40:30.072+0000] {logging_mixin.py:188} INFO - [2025-11-12T09:40:30.072+0000] {dag.py:3096} INFO - Sync 1 DAGs
[2025-11-12T09:40:30.084+0000] {logging_mixin.py:188} INFO - [2025-11-12T09:40:30.084+0000] {dag.py:3954} INFO - Setting next_dagrun for prediction_dag to 2025-11-12 00:00:00+00:00, run_after=2025-11-13 00:00:00+00:00
[2025-11-12T09:40:30.095+0000] {processor.py:183} INFO - Processing /opt/airflow/dags/prediction_dag.py took 0.230 seconds
[2025-11-12T09:41:00.421+0000] {processor.py:161} INFO - Started process (PID=113) to work on /opt/airflow/dags/prediction_dag.py
[2025-11-12T09:41:00.423+0000] {processor.py:830} INFO - Processing file /opt/airflow/dags/prediction_dag.py for tasks to queue
[2025-11-12T09:41:00.428+0000] {logging_mixin.py:188} INFO - [2025-11-12T09:41:00.426+0000] {dagbag.py:545} INFO - Filling up the DagBag from /opt/airflow/dags/prediction_dag.py
[2025-11-12T09:41:00.702+0000] {processor.py:840} INFO - DAG(s) 'prediction_dag' retrieved from /opt/airflow/dags/prediction_dag.py
[2025-11-12T09:41:00.718+0000] {logging_mixin.py:188} INFO - [2025-11-12T09:41:00.718+0000] {dag.py:3096} INFO - Sync 1 DAGs
[2025-11-12T09:41:00.732+0000] {logging_mixin.py:188} INFO - [2025-11-12T09:41:00.732+0000] {dag.py:3954} INFO - Setting next_dagrun for prediction_dag to 2025-11-12 00:00:00+00:00, run_after=2025-11-13 00:00:00+00:00
[2025-11-12T09:41:00.746+0000] {processor.py:183} INFO - Processing /opt/airflow/dags/prediction_dag.py took 0.336 seconds
[2025-11-12T09:41:31.050+0000] {processor.py:161} INFO - Started process (PID=116) to work on /opt/airflow/dags/prediction_dag.py
[2025-11-12T09:41:31.051+0000] {processor.py:830} INFO - Processing file /opt/airflow/dags/prediction_dag.py for tasks to queue
[2025-11-12T09:41:31.052+0000] {logging_mixin.py:188} INFO - [2025-11-12T09:41:31.052+0000] {dagbag.py:545} INFO - Filling up the DagBag from /opt/airflow/dags/prediction_dag.py
[2025-11-12T09:41:31.206+0000] {processor.py:840} INFO - DAG(s) 'prediction_dag' retrieved from /opt/airflow/dags/prediction_dag.py
[2025-11-12T09:41:31.217+0000] {logging_mixin.py:188} INFO - [2025-11-12T09:41:31.216+0000] {dag.py:3096} INFO - Sync 1 DAGs
[2025-11-12T09:41:31.227+0000] {logging_mixin.py:188} INFO - [2025-11-12T09:41:31.226+0000] {dag.py:3954} INFO - Setting next_dagrun for prediction_dag to 2025-11-12 00:00:00+00:00, run_after=2025-11-13 00:00:00+00:00
[2025-11-12T09:41:31.237+0000] {processor.py:183} INFO - Processing /opt/airflow/dags/prediction_dag.py took 0.192 seconds
[2025-11-12T09:42:01.537+0000] {processor.py:161} INFO - Started process (PID=119) to work on /opt/airflow/dags/prediction_dag.py
[2025-11-12T09:42:01.538+0000] {processor.py:830} INFO - Processing file /opt/airflow/dags/prediction_dag.py for tasks to queue
[2025-11-12T09:42:01.539+0000] {logging_mixin.py:188} INFO - [2025-11-12T09:42:01.538+0000] {dagbag.py:545} INFO - Filling up the DagBag from /opt/airflow/dags/prediction_dag.py
[2025-11-12T09:42:01.738+0000] {processor.py:840} INFO - DAG(s) 'prediction_dag' retrieved from /opt/airflow/dags/prediction_dag.py
[2025-11-12T09:42:01.750+0000] {logging_mixin.py:188} INFO - [2025-11-12T09:42:01.750+0000] {dag.py:3096} INFO - Sync 1 DAGs
[2025-11-12T09:42:01.762+0000] {logging_mixin.py:188} INFO - [2025-11-12T09:42:01.762+0000] {dag.py:3954} INFO - Setting next_dagrun for prediction_dag to 2025-11-12 00:00:00+00:00, run_after=2025-11-13 00:00:00+00:00
[2025-11-12T09:42:01.777+0000] {processor.py:183} INFO - Processing /opt/airflow/dags/prediction_dag.py took 0.244 seconds
[2025-11-12T09:42:32.096+0000] {processor.py:161} INFO - Started process (PID=122) to work on /opt/airflow/dags/prediction_dag.py
[2025-11-12T09:42:32.097+0000] {processor.py:830} INFO - Processing file /opt/airflow/dags/prediction_dag.py for tasks to queue
[2025-11-12T09:42:32.099+0000] {logging_mixin.py:188} INFO - [2025-11-12T09:42:32.099+0000] {dagbag.py:545} INFO - Filling up the DagBag from /opt/airflow/dags/prediction_dag.py
[2025-11-12T09:42:32.373+0000] {processor.py:840} INFO - DAG(s) 'prediction_dag' retrieved from /opt/airflow/dags/prediction_dag.py
[2025-11-12T09:42:32.386+0000] {logging_mixin.py:188} INFO - [2025-11-12T09:42:32.386+0000] {dag.py:3096} INFO - Sync 1 DAGs
[2025-11-12T09:42:32.401+0000] {logging_mixin.py:188} INFO - [2025-11-12T09:42:32.401+0000] {dag.py:3954} INFO - Setting next_dagrun for prediction_dag to 2025-11-12 00:00:00+00:00, run_after=2025-11-13 00:00:00+00:00
[2025-11-12T09:42:32.609+0000] {processor.py:183} INFO - Processing /opt/airflow/dags/prediction_dag.py took 0.519 seconds
[2025-11-12T09:43:02.960+0000] {processor.py:161} INFO - Started process (PID=125) to work on /opt/airflow/dags/prediction_dag.py
[2025-11-12T09:43:02.962+0000] {processor.py:830} INFO - Processing file /opt/airflow/dags/prediction_dag.py for tasks to queue
[2025-11-12T09:43:02.964+0000] {logging_mixin.py:188} INFO - [2025-11-12T09:43:02.963+0000] {dagbag.py:545} INFO - Filling up the DagBag from /opt/airflow/dags/prediction_dag.py
[2025-11-12T09:43:03.202+0000] {processor.py:840} INFO - DAG(s) 'prediction_dag' retrieved from /opt/airflow/dags/prediction_dag.py
[2025-11-12T09:43:03.214+0000] {logging_mixin.py:188} INFO - [2025-11-12T09:43:03.214+0000] {dag.py:3096} INFO - Sync 1 DAGs
[2025-11-12T09:43:03.388+0000] {logging_mixin.py:188} INFO - [2025-11-12T09:43:03.388+0000] {dag.py:3954} INFO - Setting next_dagrun for prediction_dag to 2025-11-12 00:00:00+00:00, run_after=2025-11-13 00:00:00+00:00
[2025-11-12T09:43:03.400+0000] {processor.py:183} INFO - Processing /opt/airflow/dags/prediction_dag.py took 0.444 seconds
[2025-11-12T09:43:33.691+0000] {processor.py:161} INFO - Started process (PID=128) to work on /opt/airflow/dags/prediction_dag.py
[2025-11-12T09:43:33.693+0000] {processor.py:830} INFO - Processing file /opt/airflow/dags/prediction_dag.py for tasks to queue
[2025-11-12T09:43:33.695+0000] {logging_mixin.py:188} INFO - [2025-11-12T09:43:33.694+0000] {dagbag.py:545} INFO - Filling up the DagBag from /opt/airflow/dags/prediction_dag.py
[2025-11-12T09:43:33.959+0000] {processor.py:840} INFO - DAG(s) 'prediction_dag' retrieved from /opt/airflow/dags/prediction_dag.py
[2025-11-12T09:43:33.974+0000] {logging_mixin.py:188} INFO - [2025-11-12T09:43:33.974+0000] {dag.py:3096} INFO - Sync 1 DAGs
[2025-11-12T09:43:33.987+0000] {logging_mixin.py:188} INFO - [2025-11-12T09:43:33.987+0000] {dag.py:3954} INFO - Setting next_dagrun for prediction_dag to 2025-11-12 00:00:00+00:00, run_after=2025-11-13 00:00:00+00:00
[2025-11-12T09:43:34.001+0000] {processor.py:183} INFO - Processing /opt/airflow/dags/prediction_dag.py took 0.316 seconds
[2025-11-12T09:44:04.171+0000] {processor.py:161} INFO - Started process (PID=131) to work on /opt/airflow/dags/prediction_dag.py
[2025-11-12T09:44:04.173+0000] {processor.py:830} INFO - Processing file /opt/airflow/dags/prediction_dag.py for tasks to queue
[2025-11-12T09:44:04.174+0000] {logging_mixin.py:188} INFO - [2025-11-12T09:44:04.174+0000] {dagbag.py:545} INFO - Filling up the DagBag from /opt/airflow/dags/prediction_dag.py
[2025-11-12T09:44:04.392+0000] {processor.py:840} INFO - DAG(s) 'prediction_dag' retrieved from /opt/airflow/dags/prediction_dag.py
[2025-11-12T09:44:04.406+0000] {logging_mixin.py:188} INFO - [2025-11-12T09:44:04.406+0000] {dag.py:3096} INFO - Sync 1 DAGs
[2025-11-12T09:44:04.420+0000] {logging_mixin.py:188} INFO - [2025-11-12T09:44:04.420+0000] {dag.py:3954} INFO - Setting next_dagrun for prediction_dag to 2025-11-12 00:00:00+00:00, run_after=2025-11-13 00:00:00+00:00
[2025-11-12T09:44:04.433+0000] {processor.py:183} INFO - Processing /opt/airflow/dags/prediction_dag.py took 0.267 seconds
[2025-11-12T09:44:34.535+0000] {processor.py:161} INFO - Started process (PID=134) to work on /opt/airflow/dags/prediction_dag.py
[2025-11-12T09:44:34.536+0000] {processor.py:830} INFO - Processing file /opt/airflow/dags/prediction_dag.py for tasks to queue
[2025-11-12T09:44:34.537+0000] {logging_mixin.py:188} INFO - [2025-11-12T09:44:34.537+0000] {dagbag.py:545} INFO - Filling up the DagBag from /opt/airflow/dags/prediction_dag.py
[2025-11-12T09:44:34.673+0000] {processor.py:840} INFO - DAG(s) 'prediction_dag' retrieved from /opt/airflow/dags/prediction_dag.py
[2025-11-12T09:44:34.683+0000] {logging_mixin.py:188} INFO - [2025-11-12T09:44:34.683+0000] {dag.py:3096} INFO - Sync 1 DAGs
[2025-11-12T09:44:34.693+0000] {logging_mixin.py:188} INFO - [2025-11-12T09:44:34.693+0000] {dag.py:3954} INFO - Setting next_dagrun for prediction_dag to 2025-11-12 00:00:00+00:00, run_after=2025-11-13 00:00:00+00:00
[2025-11-12T09:44:34.703+0000] {processor.py:183} INFO - Processing /opt/airflow/dags/prediction_dag.py took 0.171 seconds
[2025-11-12T09:45:04.805+0000] {processor.py:161} INFO - Started process (PID=137) to work on /opt/airflow/dags/prediction_dag.py
[2025-11-12T09:45:04.806+0000] {processor.py:830} INFO - Processing file /opt/airflow/dags/prediction_dag.py for tasks to queue
[2025-11-12T09:45:04.807+0000] {logging_mixin.py:188} INFO - [2025-11-12T09:45:04.807+0000] {dagbag.py:545} INFO - Filling up the DagBag from /opt/airflow/dags/prediction_dag.py
[2025-11-12T09:45:04.968+0000] {processor.py:840} INFO - DAG(s) 'prediction_dag' retrieved from /opt/airflow/dags/prediction_dag.py
[2025-11-12T09:45:04.978+0000] {logging_mixin.py:188} INFO - [2025-11-12T09:45:04.978+0000] {dag.py:3096} INFO - Sync 1 DAGs
[2025-11-12T09:45:04.988+0000] {logging_mixin.py:188} INFO - [2025-11-12T09:45:04.988+0000] {dag.py:3954} INFO - Setting next_dagrun for prediction_dag to 2025-11-12 00:00:00+00:00, run_after=2025-11-13 00:00:00+00:00
[2025-11-12T09:45:05.004+0000] {processor.py:183} INFO - Processing /opt/airflow/dags/prediction_dag.py took 0.203 seconds
[2025-11-12T09:45:35.172+0000] {processor.py:161} INFO - Started process (PID=140) to work on /opt/airflow/dags/prediction_dag.py
[2025-11-12T09:45:35.172+0000] {processor.py:830} INFO - Processing file /opt/airflow/dags/prediction_dag.py for tasks to queue
[2025-11-12T09:45:35.173+0000] {logging_mixin.py:188} INFO - [2025-11-12T09:45:35.173+0000] {dagbag.py:545} INFO - Filling up the DagBag from /opt/airflow/dags/prediction_dag.py
[2025-11-12T09:45:35.338+0000] {processor.py:840} INFO - DAG(s) 'prediction_dag' retrieved from /opt/airflow/dags/prediction_dag.py
[2025-11-12T09:45:35.348+0000] {logging_mixin.py:188} INFO - [2025-11-12T09:45:35.348+0000] {dag.py:3096} INFO - Sync 1 DAGs
[2025-11-12T09:45:35.359+0000] {logging_mixin.py:188} INFO - [2025-11-12T09:45:35.359+0000] {dag.py:3954} INFO - Setting next_dagrun for prediction_dag to 2025-11-12 00:00:00+00:00, run_after=2025-11-13 00:00:00+00:00
[2025-11-12T09:45:35.532+0000] {processor.py:183} INFO - Processing /opt/airflow/dags/prediction_dag.py took 0.363 seconds
[2025-11-12T09:46:05.635+0000] {processor.py:161} INFO - Started process (PID=143) to work on /opt/airflow/dags/prediction_dag.py
[2025-11-12T09:46:05.637+0000] {processor.py:830} INFO - Processing file /opt/airflow/dags/prediction_dag.py for tasks to queue
[2025-11-12T09:46:05.639+0000] {logging_mixin.py:188} INFO - [2025-11-12T09:46:05.639+0000] {dagbag.py:545} INFO - Filling up the DagBag from /opt/airflow/dags/prediction_dag.py
[2025-11-12T09:46:05.865+0000] {processor.py:840} INFO - DAG(s) 'prediction_dag' retrieved from /opt/airflow/dags/prediction_dag.py
[2025-11-12T09:46:05.878+0000] {logging_mixin.py:188} INFO - [2025-11-12T09:46:05.877+0000] {dag.py:3096} INFO - Sync 1 DAGs
[2025-11-12T09:46:06.060+0000] {logging_mixin.py:188} INFO - [2025-11-12T09:46:06.060+0000] {dag.py:3954} INFO - Setting next_dagrun for prediction_dag to 2025-11-12 00:00:00+00:00, run_after=2025-11-13 00:00:00+00:00
[2025-11-12T09:46:06.070+0000] {processor.py:183} INFO - Processing /opt/airflow/dags/prediction_dag.py took 0.439 seconds
[2025-11-12T09:46:36.214+0000] {processor.py:161} INFO - Started process (PID=146) to work on /opt/airflow/dags/prediction_dag.py
[2025-11-12T09:46:36.214+0000] {processor.py:830} INFO - Processing file /opt/airflow/dags/prediction_dag.py for tasks to queue
[2025-11-12T09:46:36.216+0000] {logging_mixin.py:188} INFO - [2025-11-12T09:46:36.216+0000] {dagbag.py:545} INFO - Filling up the DagBag from /opt/airflow/dags/prediction_dag.py
[2025-11-12T09:46:36.434+0000] {processor.py:840} INFO - DAG(s) 'prediction_dag' retrieved from /opt/airflow/dags/prediction_dag.py
[2025-11-12T09:46:36.448+0000] {logging_mixin.py:188} INFO - [2025-11-12T09:46:36.448+0000] {dag.py:3096} INFO - Sync 1 DAGs
[2025-11-12T09:46:36.559+0000] {logging_mixin.py:188} INFO - [2025-11-12T09:46:36.559+0000] {dag.py:3954} INFO - Setting next_dagrun for prediction_dag to 2025-11-12 00:00:00+00:00, run_after=2025-11-13 00:00:00+00:00
[2025-11-12T09:46:36.571+0000] {processor.py:183} INFO - Processing /opt/airflow/dags/prediction_dag.py took 0.362 seconds
[2025-11-12T09:47:06.663+0000] {processor.py:161} INFO - Started process (PID=149) to work on /opt/airflow/dags/prediction_dag.py
[2025-11-12T09:47:06.663+0000] {processor.py:830} INFO - Processing file /opt/airflow/dags/prediction_dag.py for tasks to queue
[2025-11-12T09:47:06.664+0000] {logging_mixin.py:188} INFO - [2025-11-12T09:47:06.664+0000] {dagbag.py:545} INFO - Filling up the DagBag from /opt/airflow/dags/prediction_dag.py
[2025-11-12T09:47:06.801+0000] {processor.py:840} INFO - DAG(s) 'prediction_dag' retrieved from /opt/airflow/dags/prediction_dag.py
[2025-11-12T09:47:06.810+0000] {logging_mixin.py:188} INFO - [2025-11-12T09:47:06.810+0000] {dag.py:3096} INFO - Sync 1 DAGs
[2025-11-12T09:47:06.820+0000] {logging_mixin.py:188} INFO - [2025-11-12T09:47:06.820+0000] {dag.py:3954} INFO - Setting next_dagrun for prediction_dag to 2025-11-12 00:00:00+00:00, run_after=2025-11-13 00:00:00+00:00
[2025-11-12T09:47:06.830+0000] {processor.py:183} INFO - Processing /opt/airflow/dags/prediction_dag.py took 0.171 seconds
[2025-11-12T09:47:36.942+0000] {processor.py:161} INFO - Started process (PID=152) to work on /opt/airflow/dags/prediction_dag.py
[2025-11-12T09:47:36.943+0000] {processor.py:830} INFO - Processing file /opt/airflow/dags/prediction_dag.py for tasks to queue
[2025-11-12T09:47:36.945+0000] {logging_mixin.py:188} INFO - [2025-11-12T09:47:36.944+0000] {dagbag.py:545} INFO - Filling up the DagBag from /opt/airflow/dags/prediction_dag.py
[2025-11-12T09:47:37.161+0000] {processor.py:840} INFO - DAG(s) 'prediction_dag' retrieved from /opt/airflow/dags/prediction_dag.py
[2025-11-12T09:47:37.175+0000] {logging_mixin.py:188} INFO - [2025-11-12T09:47:37.174+0000] {dag.py:3096} INFO - Sync 1 DAGs
[2025-11-12T09:47:37.188+0000] {logging_mixin.py:188} INFO - [2025-11-12T09:47:37.188+0000] {dag.py:3954} INFO - Setting next_dagrun for prediction_dag to 2025-11-12 00:00:00+00:00, run_after=2025-11-13 00:00:00+00:00
[2025-11-12T09:47:37.203+0000] {processor.py:183} INFO - Processing /opt/airflow/dags/prediction_dag.py took 0.268 seconds
[2025-11-12T09:48:07.313+0000] {processor.py:161} INFO - Started process (PID=155) to work on /opt/airflow/dags/prediction_dag.py
[2025-11-12T09:48:07.314+0000] {processor.py:830} INFO - Processing file /opt/airflow/dags/prediction_dag.py for tasks to queue
[2025-11-12T09:48:07.315+0000] {logging_mixin.py:188} INFO - [2025-11-12T09:48:07.314+0000] {dagbag.py:545} INFO - Filling up the DagBag from /opt/airflow/dags/prediction_dag.py
[2025-11-12T09:48:07.449+0000] {processor.py:840} INFO - DAG(s) 'prediction_dag' retrieved from /opt/airflow/dags/prediction_dag.py
[2025-11-12T09:48:07.457+0000] {logging_mixin.py:188} INFO - [2025-11-12T09:48:07.457+0000] {dag.py:3096} INFO - Sync 1 DAGs
[2025-11-12T09:48:07.466+0000] {logging_mixin.py:188} INFO - [2025-11-12T09:48:07.466+0000] {dag.py:3954} INFO - Setting next_dagrun for prediction_dag to 2025-11-12 00:00:00+00:00, run_after=2025-11-13 00:00:00+00:00
[2025-11-12T09:48:07.477+0000] {processor.py:183} INFO - Processing /opt/airflow/dags/prediction_dag.py took 0.168 seconds
[2025-11-12T09:48:37.580+0000] {processor.py:161} INFO - Started process (PID=158) to work on /opt/airflow/dags/prediction_dag.py
[2025-11-12T09:48:37.581+0000] {processor.py:830} INFO - Processing file /opt/airflow/dags/prediction_dag.py for tasks to queue
[2025-11-12T09:48:37.582+0000] {logging_mixin.py:188} INFO - [2025-11-12T09:48:37.582+0000] {dagbag.py:545} INFO - Filling up the DagBag from /opt/airflow/dags/prediction_dag.py
[2025-11-12T09:48:37.735+0000] {processor.py:840} INFO - DAG(s) 'prediction_dag' retrieved from /opt/airflow/dags/prediction_dag.py
[2025-11-12T09:48:37.744+0000] {logging_mixin.py:188} INFO - [2025-11-12T09:48:37.744+0000] {dag.py:3096} INFO - Sync 1 DAGs
[2025-11-12T09:48:37.755+0000] {logging_mixin.py:188} INFO - [2025-11-12T09:48:37.755+0000] {dag.py:3954} INFO - Setting next_dagrun for prediction_dag to 2025-11-12 00:00:00+00:00, run_after=2025-11-13 00:00:00+00:00
[2025-11-12T09:48:37.906+0000] {processor.py:183} INFO - Processing /opt/airflow/dags/prediction_dag.py took 0.329 seconds
[2025-11-12T09:49:08.054+0000] {processor.py:161} INFO - Started process (PID=161) to work on /opt/airflow/dags/prediction_dag.py
[2025-11-12T09:49:08.055+0000] {processor.py:830} INFO - Processing file /opt/airflow/dags/prediction_dag.py for tasks to queue
[2025-11-12T09:49:08.057+0000] {logging_mixin.py:188} INFO - [2025-11-12T09:49:08.056+0000] {dagbag.py:545} INFO - Filling up the DagBag from /opt/airflow/dags/prediction_dag.py
[2025-11-12T09:49:08.226+0000] {processor.py:840} INFO - DAG(s) 'prediction_dag' retrieved from /opt/airflow/dags/prediction_dag.py
[2025-11-12T09:49:08.237+0000] {logging_mixin.py:188} INFO - [2025-11-12T09:49:08.237+0000] {dag.py:3096} INFO - Sync 1 DAGs
[2025-11-12T09:49:08.325+0000] {logging_mixin.py:188} INFO - [2025-11-12T09:49:08.325+0000] {dag.py:3954} INFO - Setting next_dagrun for prediction_dag to 2025-11-12 00:00:00+00:00, run_after=2025-11-13 00:00:00+00:00
[2025-11-12T09:49:08.334+0000] {processor.py:183} INFO - Processing /opt/airflow/dags/prediction_dag.py took 0.284 seconds
[2025-11-12T09:49:38.422+0000] {processor.py:161} INFO - Started process (PID=164) to work on /opt/airflow/dags/prediction_dag.py
[2025-11-12T09:49:38.423+0000] {processor.py:830} INFO - Processing file /opt/airflow/dags/prediction_dag.py for tasks to queue
[2025-11-12T09:49:38.424+0000] {logging_mixin.py:188} INFO - [2025-11-12T09:49:38.424+0000] {dagbag.py:545} INFO - Filling up the DagBag from /opt/airflow/dags/prediction_dag.py
[2025-11-12T09:49:38.612+0000] {processor.py:840} INFO - DAG(s) 'prediction_dag' retrieved from /opt/airflow/dags/prediction_dag.py
[2025-11-12T09:49:38.623+0000] {logging_mixin.py:188} INFO - [2025-11-12T09:49:38.623+0000] {dag.py:3096} INFO - Sync 1 DAGs
[2025-11-12T09:49:38.789+0000] {logging_mixin.py:188} INFO - [2025-11-12T09:49:38.788+0000] {dag.py:3954} INFO - Setting next_dagrun for prediction_dag to 2025-11-12 00:00:00+00:00, run_after=2025-11-13 00:00:00+00:00
[2025-11-12T09:49:38.803+0000] {processor.py:183} INFO - Processing /opt/airflow/dags/prediction_dag.py took 0.385 seconds
[2025-11-12T09:50:13.920+0000] {processor.py:161} INFO - Started process (PID=167) to work on /opt/airflow/dags/prediction_dag.py
[2025-11-12T09:50:13.921+0000] {processor.py:830} INFO - Processing file /opt/airflow/dags/prediction_dag.py for tasks to queue
[2025-11-12T09:50:13.924+0000] {logging_mixin.py:188} INFO - [2025-11-12T09:50:13.923+0000] {dagbag.py:545} INFO - Filling up the DagBag from /opt/airflow/dags/prediction_dag.py
[2025-11-12T09:50:14.125+0000] {processor.py:840} INFO - DAG(s) 'prediction_dag' retrieved from /opt/airflow/dags/prediction_dag.py
[2025-11-12T09:50:14.239+0000] {logging_mixin.py:188} INFO - [2025-11-12T09:50:14.239+0000] {dag.py:3096} INFO - Sync 1 DAGs
[2025-11-12T09:50:14.248+0000] {logging_mixin.py:188} INFO - [2025-11-12T09:50:14.248+0000] {dag.py:3954} INFO - Setting next_dagrun for prediction_dag to 2025-11-12 00:00:00+00:00, run_after=2025-11-13 00:00:00+00:00
[2025-11-12T09:50:14.258+0000] {processor.py:183} INFO - Processing /opt/airflow/dags/prediction_dag.py took 0.343 seconds
[2025-11-12T09:50:44.416+0000] {processor.py:161} INFO - Started process (PID=170) to work on /opt/airflow/dags/prediction_dag.py
[2025-11-12T09:50:44.416+0000] {processor.py:830} INFO - Processing file /opt/airflow/dags/prediction_dag.py for tasks to queue
[2025-11-12T09:50:44.418+0000] {logging_mixin.py:188} INFO - [2025-11-12T09:50:44.417+0000] {dagbag.py:545} INFO - Filling up the DagBag from /opt/airflow/dags/prediction_dag.py
[2025-11-12T09:50:44.577+0000] {processor.py:840} INFO - DAG(s) 'prediction_dag' retrieved from /opt/airflow/dags/prediction_dag.py
[2025-11-12T09:50:44.586+0000] {logging_mixin.py:188} INFO - [2025-11-12T09:50:44.586+0000] {dag.py:3096} INFO - Sync 1 DAGs
[2025-11-12T09:50:44.596+0000] {logging_mixin.py:188} INFO - [2025-11-12T09:50:44.596+0000] {dag.py:3954} INFO - Setting next_dagrun for prediction_dag to 2025-11-12 00:00:00+00:00, run_after=2025-11-13 00:00:00+00:00
[2025-11-12T09:50:44.611+0000] {processor.py:183} INFO - Processing /opt/airflow/dags/prediction_dag.py took 0.197 seconds
[2025-11-12T09:51:14.719+0000] {processor.py:161} INFO - Started process (PID=173) to work on /opt/airflow/dags/prediction_dag.py
[2025-11-12T09:51:14.719+0000] {processor.py:830} INFO - Processing file /opt/airflow/dags/prediction_dag.py for tasks to queue
[2025-11-12T09:51:14.721+0000] {logging_mixin.py:188} INFO - [2025-11-12T09:51:14.721+0000] {dagbag.py:545} INFO - Filling up the DagBag from /opt/airflow/dags/prediction_dag.py
[2025-11-12T09:51:14.935+0000] {processor.py:840} INFO - DAG(s) 'prediction_dag' retrieved from /opt/airflow/dags/prediction_dag.py
[2025-11-12T09:51:14.948+0000] {logging_mixin.py:188} INFO - [2025-11-12T09:51:14.947+0000] {dag.py:3096} INFO - Sync 1 DAGs
[2025-11-12T09:51:14.960+0000] {logging_mixin.py:188} INFO - [2025-11-12T09:51:14.960+0000] {dag.py:3954} INFO - Setting next_dagrun for prediction_dag to 2025-11-12 00:00:00+00:00, run_after=2025-11-13 00:00:00+00:00
[2025-11-12T09:51:14.974+0000] {processor.py:183} INFO - Processing /opt/airflow/dags/prediction_dag.py took 0.260 seconds
[2025-11-12T09:51:45.122+0000] {processor.py:161} INFO - Started process (PID=176) to work on /opt/airflow/dags/prediction_dag.py
[2025-11-12T09:51:45.123+0000] {processor.py:830} INFO - Processing file /opt/airflow/dags/prediction_dag.py for tasks to queue
[2025-11-12T09:51:45.124+0000] {logging_mixin.py:188} INFO - [2025-11-12T09:51:45.123+0000] {dagbag.py:545} INFO - Filling up the DagBag from /opt/airflow/dags/prediction_dag.py
[2025-11-12T09:51:45.290+0000] {processor.py:840} INFO - DAG(s) 'prediction_dag' retrieved from /opt/airflow/dags/prediction_dag.py
[2025-11-12T09:51:45.299+0000] {logging_mixin.py:188} INFO - [2025-11-12T09:51:45.299+0000] {dag.py:3096} INFO - Sync 1 DAGs
[2025-11-12T09:51:45.310+0000] {logging_mixin.py:188} INFO - [2025-11-12T09:51:45.310+0000] {dag.py:3954} INFO - Setting next_dagrun for prediction_dag to 2025-11-12 00:00:00+00:00, run_after=2025-11-13 00:00:00+00:00
[2025-11-12T09:51:45.494+0000] {processor.py:183} INFO - Processing /opt/airflow/dags/prediction_dag.py took 0.375 seconds
[2025-11-12T09:52:15.626+0000] {processor.py:161} INFO - Started process (PID=179) to work on /opt/airflow/dags/prediction_dag.py
[2025-11-12T09:52:15.626+0000] {processor.py:830} INFO - Processing file /opt/airflow/dags/prediction_dag.py for tasks to queue
[2025-11-12T09:52:15.627+0000] {logging_mixin.py:188} INFO - [2025-11-12T09:52:15.627+0000] {dagbag.py:545} INFO - Filling up the DagBag from /opt/airflow/dags/prediction_dag.py
[2025-11-12T09:52:15.778+0000] {processor.py:840} INFO - DAG(s) 'prediction_dag' retrieved from /opt/airflow/dags/prediction_dag.py
[2025-11-12T09:52:15.787+0000] {logging_mixin.py:188} INFO - [2025-11-12T09:52:15.786+0000] {dag.py:3096} INFO - Sync 1 DAGs
[2025-11-12T09:52:15.882+0000] {logging_mixin.py:188} INFO - [2025-11-12T09:52:15.882+0000] {dag.py:3954} INFO - Setting next_dagrun for prediction_dag to 2025-11-12 00:00:00+00:00, run_after=2025-11-13 00:00:00+00:00
[2025-11-12T09:52:15.893+0000] {processor.py:183} INFO - Processing /opt/airflow/dags/prediction_dag.py took 0.271 seconds
[2025-11-12T09:52:46.025+0000] {processor.py:161} INFO - Started process (PID=182) to work on /opt/airflow/dags/prediction_dag.py
[2025-11-12T09:52:46.026+0000] {processor.py:830} INFO - Processing file /opt/airflow/dags/prediction_dag.py for tasks to queue
[2025-11-12T09:52:46.028+0000] {logging_mixin.py:188} INFO - [2025-11-12T09:52:46.027+0000] {dagbag.py:545} INFO - Filling up the DagBag from /opt/airflow/dags/prediction_dag.py
[2025-11-12T09:52:46.197+0000] {processor.py:840} INFO - DAG(s) 'prediction_dag' retrieved from /opt/airflow/dags/prediction_dag.py
[2025-11-12T09:52:46.207+0000] {logging_mixin.py:188} INFO - [2025-11-12T09:52:46.207+0000] {dag.py:3096} INFO - Sync 1 DAGs
[2025-11-12T09:52:46.348+0000] {logging_mixin.py:188} INFO - [2025-11-12T09:52:46.348+0000] {dag.py:3954} INFO - Setting next_dagrun for prediction_dag to 2025-11-12 00:00:00+00:00, run_after=2025-11-13 00:00:00+00:00
[2025-11-12T09:52:46.360+0000] {processor.py:183} INFO - Processing /opt/airflow/dags/prediction_dag.py took 0.338 seconds
[2025-11-12T09:53:16.527+0000] {processor.py:161} INFO - Started process (PID=185) to work on /opt/airflow/dags/prediction_dag.py
[2025-11-12T09:53:16.528+0000] {processor.py:830} INFO - Processing file /opt/airflow/dags/prediction_dag.py for tasks to queue
[2025-11-12T09:53:16.529+0000] {logging_mixin.py:188} INFO - [2025-11-12T09:53:16.529+0000] {dagbag.py:545} INFO - Filling up the DagBag from /opt/airflow/dags/prediction_dag.py
[2025-11-12T09:53:16.677+0000] {processor.py:840} INFO - DAG(s) 'prediction_dag' retrieved from /opt/airflow/dags/prediction_dag.py
[2025-11-12T09:53:16.781+0000] {logging_mixin.py:188} INFO - [2025-11-12T09:53:16.780+0000] {dag.py:3096} INFO - Sync 1 DAGs
[2025-11-12T09:53:16.791+0000] {logging_mixin.py:188} INFO - [2025-11-12T09:53:16.791+0000] {dag.py:3954} INFO - Setting next_dagrun for prediction_dag to 2025-11-12 00:00:00+00:00, run_after=2025-11-13 00:00:00+00:00
[2025-11-12T09:53:16.804+0000] {processor.py:183} INFO - Processing /opt/airflow/dags/prediction_dag.py took 0.280 seconds
[2025-11-12T09:53:46.935+0000] {processor.py:161} INFO - Started process (PID=188) to work on /opt/airflow/dags/prediction_dag.py
[2025-11-12T09:53:46.936+0000] {processor.py:830} INFO - Processing file /opt/airflow/dags/prediction_dag.py for tasks to queue
[2025-11-12T09:53:46.938+0000] {logging_mixin.py:188} INFO - [2025-11-12T09:53:46.938+0000] {dagbag.py:545} INFO - Filling up the DagBag from /opt/airflow/dags/prediction_dag.py
[2025-11-12T09:53:47.176+0000] {processor.py:840} INFO - DAG(s) 'prediction_dag' retrieved from /opt/airflow/dags/prediction_dag.py
[2025-11-12T09:53:47.189+0000] {logging_mixin.py:188} INFO - [2025-11-12T09:53:47.189+0000] {dag.py:3096} INFO - Sync 1 DAGs
[2025-11-12T09:53:47.202+0000] {logging_mixin.py:188} INFO - [2025-11-12T09:53:47.202+0000] {dag.py:3954} INFO - Setting next_dagrun for prediction_dag to 2025-11-12 00:00:00+00:00, run_after=2025-11-13 00:00:00+00:00
[2025-11-12T09:53:47.216+0000] {processor.py:183} INFO - Processing /opt/airflow/dags/prediction_dag.py took 0.287 seconds
[2025-11-12T09:54:17.337+0000] {processor.py:161} INFO - Started process (PID=191) to work on /opt/airflow/dags/prediction_dag.py
[2025-11-12T09:54:17.338+0000] {processor.py:830} INFO - Processing file /opt/airflow/dags/prediction_dag.py for tasks to queue
[2025-11-12T09:54:17.339+0000] {logging_mixin.py:188} INFO - [2025-11-12T09:54:17.338+0000] {dagbag.py:545} INFO - Filling up the DagBag from /opt/airflow/dags/prediction_dag.py
[2025-11-12T09:54:17.478+0000] {processor.py:840} INFO - DAG(s) 'prediction_dag' retrieved from /opt/airflow/dags/prediction_dag.py
[2025-11-12T09:54:17.487+0000] {logging_mixin.py:188} INFO - [2025-11-12T09:54:17.487+0000] {dag.py:3096} INFO - Sync 1 DAGs
[2025-11-12T09:54:17.497+0000] {logging_mixin.py:188} INFO - [2025-11-12T09:54:17.496+0000] {dag.py:3954} INFO - Setting next_dagrun for prediction_dag to 2025-11-12 00:00:00+00:00, run_after=2025-11-13 00:00:00+00:00
[2025-11-12T09:54:17.509+0000] {processor.py:183} INFO - Processing /opt/airflow/dags/prediction_dag.py took 0.175 seconds
[2025-11-12T09:54:47.634+0000] {processor.py:161} INFO - Started process (PID=194) to work on /opt/airflow/dags/prediction_dag.py
[2025-11-12T09:54:47.635+0000] {processor.py:830} INFO - Processing file /opt/airflow/dags/prediction_dag.py for tasks to queue
[2025-11-12T09:54:47.637+0000] {logging_mixin.py:188} INFO - [2025-11-12T09:54:47.637+0000] {dagbag.py:545} INFO - Filling up the DagBag from /opt/airflow/dags/prediction_dag.py
[2025-11-12T09:54:47.849+0000] {processor.py:840} INFO - DAG(s) 'prediction_dag' retrieved from /opt/airflow/dags/prediction_dag.py
[2025-11-12T09:54:47.861+0000] {logging_mixin.py:188} INFO - [2025-11-12T09:54:47.861+0000] {dag.py:3096} INFO - Sync 1 DAGs
[2025-11-12T09:54:47.873+0000] {logging_mixin.py:188} INFO - [2025-11-12T09:54:47.873+0000] {dag.py:3954} INFO - Setting next_dagrun for prediction_dag to 2025-11-12 00:00:00+00:00, run_after=2025-11-13 00:00:00+00:00
[2025-11-12T09:54:48.057+0000] {processor.py:183} INFO - Processing /opt/airflow/dags/prediction_dag.py took 0.427 seconds
[2025-11-12T09:55:18.269+0000] {processor.py:161} INFO - Started process (PID=197) to work on /opt/airflow/dags/prediction_dag.py
[2025-11-12T09:55:18.271+0000] {processor.py:830} INFO - Processing file /opt/airflow/dags/prediction_dag.py for tasks to queue
[2025-11-12T09:55:18.275+0000] {logging_mixin.py:188} INFO - [2025-11-12T09:55:18.274+0000] {dagbag.py:545} INFO - Filling up the DagBag from /opt/airflow/dags/prediction_dag.py
[2025-11-12T09:55:18.536+0000] {processor.py:840} INFO - DAG(s) 'prediction_dag' retrieved from /opt/airflow/dags/prediction_dag.py
[2025-11-12T09:55:18.549+0000] {logging_mixin.py:188} INFO - [2025-11-12T09:55:18.549+0000] {dag.py:3096} INFO - Sync 1 DAGs
[2025-11-12T09:55:18.722+0000] {logging_mixin.py:188} INFO - [2025-11-12T09:55:18.722+0000] {dag.py:3954} INFO - Setting next_dagrun for prediction_dag to 2025-11-12 00:00:00+00:00, run_after=2025-11-13 00:00:00+00:00
[2025-11-12T09:55:18.735+0000] {processor.py:183} INFO - Processing /opt/airflow/dags/prediction_dag.py took 0.475 seconds
[2025-11-12T09:56:27.978+0000] {processor.py:161} INFO - Started process (PID=25) to work on /opt/airflow/dags/prediction_dag.py
[2025-11-12T09:56:27.979+0000] {processor.py:830} INFO - Processing file /opt/airflow/dags/prediction_dag.py for tasks to queue
[2025-11-12T09:56:27.980+0000] {logging_mixin.py:188} INFO - [2025-11-12T09:56:27.980+0000] {dagbag.py:545} INFO - Filling up the DagBag from /opt/airflow/dags/prediction_dag.py
[2025-11-12T09:56:29.159+0000] {processor.py:840} INFO - DAG(s) 'prediction_dag' retrieved from /opt/airflow/dags/prediction_dag.py
[2025-11-12T09:56:29.165+0000] {logging_mixin.py:188} INFO - [2025-11-12T09:56:29.165+0000] {dag.py:3096} INFO - Sync 1 DAGs
[2025-11-12T09:56:29.182+0000] {logging_mixin.py:188} INFO - [2025-11-12T09:56:29.182+0000] {dag.py:3954} INFO - Setting next_dagrun for prediction_dag to 2025-11-12 00:00:00+00:00, run_after=2025-11-13 00:00:00+00:00
[2025-11-12T09:56:29.206+0000] {processor.py:183} INFO - Processing /opt/airflow/dags/prediction_dag.py took 1.232 seconds
[2025-11-12T09:57:00.241+0000] {processor.py:161} INFO - Started process (PID=28) to work on /opt/airflow/dags/prediction_dag.py
[2025-11-12T09:57:00.243+0000] {processor.py:830} INFO - Processing file /opt/airflow/dags/prediction_dag.py for tasks to queue
[2025-11-12T09:57:00.248+0000] {logging_mixin.py:188} INFO - [2025-11-12T09:57:00.247+0000] {dagbag.py:545} INFO - Filling up the DagBag from /opt/airflow/dags/prediction_dag.py
[2025-11-12T09:57:00.562+0000] {processor.py:840} INFO - DAG(s) 'prediction_dag' retrieved from /opt/airflow/dags/prediction_dag.py
[2025-11-12T09:57:00.772+0000] {logging_mixin.py:188} INFO - [2025-11-12T09:57:00.772+0000] {dag.py:3096} INFO - Sync 1 DAGs
[2025-11-12T09:57:00.788+0000] {logging_mixin.py:188} INFO - [2025-11-12T09:57:00.788+0000] {dag.py:3954} INFO - Setting next_dagrun for prediction_dag to 2025-11-12 00:00:00+00:00, run_after=2025-11-13 00:00:00+00:00
[2025-11-12T09:57:00.814+0000] {processor.py:183} INFO - Processing /opt/airflow/dags/prediction_dag.py took 0.581 seconds
[2025-11-12T09:57:31.543+0000] {processor.py:161} INFO - Started process (PID=31) to work on /opt/airflow/dags/prediction_dag.py
[2025-11-12T09:57:31.555+0000] {processor.py:830} INFO - Processing file /opt/airflow/dags/prediction_dag.py for tasks to queue
[2025-11-12T09:57:31.560+0000] {logging_mixin.py:188} INFO - [2025-11-12T09:57:31.559+0000] {dagbag.py:545} INFO - Filling up the DagBag from /opt/airflow/dags/prediction_dag.py
[2025-11-12T09:57:31.837+0000] {processor.py:840} INFO - DAG(s) 'prediction_dag' retrieved from /opt/airflow/dags/prediction_dag.py
[2025-11-12T09:57:31.851+0000] {logging_mixin.py:188} INFO - [2025-11-12T09:57:31.851+0000] {dag.py:3096} INFO - Sync 1 DAGs
[2025-11-12T09:57:31.862+0000] {logging_mixin.py:188} INFO - [2025-11-12T09:57:31.862+0000] {dag.py:3954} INFO - Setting next_dagrun for prediction_dag to 2025-11-12 00:00:00+00:00, run_after=2025-11-13 00:00:00+00:00
[2025-11-12T09:57:31.873+0000] {processor.py:183} INFO - Processing /opt/airflow/dags/prediction_dag.py took 0.338 seconds
[2025-11-12T09:58:02.387+0000] {processor.py:161} INFO - Started process (PID=54) to work on /opt/airflow/dags/prediction_dag.py
[2025-11-12T09:58:02.389+0000] {processor.py:830} INFO - Processing file /opt/airflow/dags/prediction_dag.py for tasks to queue
[2025-11-12T09:58:02.392+0000] {logging_mixin.py:188} INFO - [2025-11-12T09:58:02.392+0000] {dagbag.py:545} INFO - Filling up the DagBag from /opt/airflow/dags/prediction_dag.py
[2025-11-12T09:58:02.649+0000] {processor.py:840} INFO - DAG(s) 'prediction_dag' retrieved from /opt/airflow/dags/prediction_dag.py
[2025-11-12T09:58:02.664+0000] {logging_mixin.py:188} INFO - [2025-11-12T09:58:02.664+0000] {dag.py:3096} INFO - Sync 1 DAGs
[2025-11-12T09:58:02.679+0000] {logging_mixin.py:188} INFO - [2025-11-12T09:58:02.679+0000] {dag.py:3954} INFO - Setting next_dagrun for prediction_dag to 2025-11-12 00:00:00+00:00, run_after=2025-11-13 00:00:00+00:00
[2025-11-12T09:58:02.694+0000] {processor.py:183} INFO - Processing /opt/airflow/dags/prediction_dag.py took 0.314 seconds
