[2025-11-07T22:52:01.704+0000] {local_task_job_runner.py:120} INFO - ::group::Pre task execution logs
[2025-11-07T22:52:01.717+0000] {taskinstance.py:2076} INFO - Dependencies all met for dep_context=non-requeueable deps ti=<TaskInstance: prediction_dag.make_predictions manual__2025-11-07T22:51:55.891355+00:00 [queued]>
[2025-11-07T22:52:01.720+0000] {taskinstance.py:2076} INFO - Dependencies all met for dep_context=requeueable deps ti=<TaskInstance: prediction_dag.make_predictions manual__2025-11-07T22:51:55.891355+00:00 [queued]>
[2025-11-07T22:52:01.720+0000] {taskinstance.py:2306} INFO - Starting attempt 1 of 1
[2025-11-07T22:52:01.730+0000] {taskinstance.py:2330} INFO - Executing <Task(PythonOperator): make_predictions> on 2025-11-07 22:51:55.891355+00:00
[2025-11-07T22:52:01.738+0000] {standard_task_runner.py:90} INFO - Running: ['airflow', 'tasks', 'run', 'prediction_dag', 'make_predictions', 'manual__2025-11-07T22:51:55.891355+00:00', '--job-id', '48', '--raw', '--subdir', 'DAGS_FOLDER/prediction_dag.py', '--cfg-path', '/tmp/tmpfj450d8p']
[2025-11-07T22:52:01.739+0000] {standard_task_runner.py:91} INFO - Job 48: Subtask make_predictions
[2025-11-07T22:52:01.739+0000] {logging_mixin.py:188} WARNING - /home/airflow/.local/lib/python3.12/site-packages/airflow/task/task_runner/standard_task_runner.py:61 DeprecationWarning: This process (pid=66) is multi-threaded, use of fork() may lead to deadlocks in the child.
[2025-11-07T22:52:01.740+0000] {standard_task_runner.py:63} INFO - Started process 75 to run task
[2025-11-07T22:52:01.777+0000] {task_command.py:426} INFO - Running <TaskInstance: prediction_dag.make_predictions manual__2025-11-07T22:51:55.891355+00:00 [running]> on host e3984cc13369
[2025-11-07T22:52:01.820+0000] {taskinstance.py:2648} INFO - Exporting env vars: AIRFLOW_CTX_DAG_OWNER='airflow' AIRFLOW_CTX_DAG_ID='prediction_dag' AIRFLOW_CTX_TASK_ID='make_predictions' AIRFLOW_CTX_EXECUTION_DATE='2025-11-07T22:51:55.891355+00:00' AIRFLOW_CTX_TRY_NUMBER='1' AIRFLOW_CTX_DAG_RUN_ID='manual__2025-11-07T22:51:55.891355+00:00'
[2025-11-07T22:52:01.821+0000] {taskinstance.py:430} INFO - ::endgroup::
[2025-11-07T22:52:01.833+0000] {logging_mixin.py:188} INFO - 📂 Processing file: /opt/airflow/good-data/chunk_0.csv
[2025-11-07T22:52:01.843+0000] {logging_mixin.py:188} INFO - ❌ Failed to predict chunk_0.csv: Out of range float values are not JSON compliant: nan
[2025-11-07T22:52:01.843+0000] {python.py:237} INFO - Done. Returned value was: None
[2025-11-07T22:52:01.843+0000] {taskinstance.py:441} INFO - ::group::Post task execution logs
[2025-11-07T22:52:01.847+0000] {taskinstance.py:1206} INFO - Marking task as SUCCESS. dag_id=prediction_dag, task_id=make_predictions, run_id=manual__2025-11-07T22:51:55.891355+00:00, execution_date=20251107T225155, start_date=20251107T225201, end_date=20251107T225201
[2025-11-07T22:52:01.882+0000] {local_task_job_runner.py:240} INFO - Task exited with return code 0
[2025-11-07T22:52:01.889+0000] {taskinstance.py:3498} INFO - 0 downstream tasks scheduled from follow-on schedule check
[2025-11-07T22:52:01.889+0000] {local_task_job_runner.py:222} INFO - ::endgroup::
