[2025-11-27T19:25:24.689+0000] {local_task_job_runner.py:120} INFO - ::group::Pre task execution logs
[2025-11-27T19:25:24.732+0000] {taskinstance.py:2076} INFO - Dependencies all met for dep_context=non-requeueable deps ti=<TaskInstance: ingest_data_dag.send_alerts scheduled__2025-11-27T19:24:00+00:00 [queued]>
[2025-11-27T19:25:24.740+0000] {taskinstance.py:2076} INFO - Dependencies all met for dep_context=requeueable deps ti=<TaskInstance: ingest_data_dag.send_alerts scheduled__2025-11-27T19:24:00+00:00 [queued]>
[2025-11-27T19:25:24.740+0000] {taskinstance.py:2306} INFO - Starting attempt 1 of 1
[2025-11-27T19:25:24.750+0000] {taskinstance.py:2330} INFO - Executing <Task(PythonOperator): send_alerts> on 2025-11-27 19:24:00+00:00
[2025-11-27T19:25:24.777+0000] {warnings.py:110} WARNING - /home/airflow/.local/lib/python3.12/site-packages/airflow/task/task_runner/standard_task_runner.py:61: DeprecationWarning: This process (pid=303) is multi-threaded, use of fork() may lead to deadlocks in the child.
  pid = os.fork()

[2025-11-27T19:25:24.781+0000] {standard_task_runner.py:90} INFO - Running: ['airflow', 'tasks', 'run', 'ingest_data_dag', 'send_alerts', 'scheduled__2025-11-27T19:24:00+00:00', '--job-id', '1775', '--raw', '--subdir', 'DAGS_FOLDER/ingest_data_dag.py', '--cfg-path', '/tmp/tmpe4ciqjvb']
[2025-11-27T19:25:24.781+0000] {standard_task_runner.py:91} INFO - Job 1775: Subtask send_alerts
[2025-11-27T19:25:24.781+0000] {standard_task_runner.py:63} INFO - Started process 320 to run task
[2025-11-27T19:25:24.903+0000] {task_command.py:426} INFO - Running <TaskInstance: ingest_data_dag.send_alerts scheduled__2025-11-27T19:24:00+00:00 [running]> on host c76b7a4b7ca3
[2025-11-27T19:25:25.038+0000] {taskinstance.py:2648} INFO - Exporting env vars: AIRFLOW_CTX_DAG_OWNER='airflow' AIRFLOW_CTX_DAG_ID='ingest_data_dag' AIRFLOW_CTX_TASK_ID='send_alerts' AIRFLOW_CTX_EXECUTION_DATE='2025-11-27T19:24:00+00:00' AIRFLOW_CTX_TRY_NUMBER='1' AIRFLOW_CTX_DAG_RUN_ID='scheduled__2025-11-27T19:24:00+00:00'
[2025-11-27T19:25:25.039+0000] {taskinstance.py:430} INFO - ::endgroup::
[2025-11-27T19:25:25.089+0000] {logging_mixin.py:188} INFO - 📣 [send_alerts] ALERT | File: /opt/airflow/raw-data/chunk_356.csv | Criticality: high | GE success ratio: 0.00 | Report: None
[2025-11-27T19:25:25.089+0000] {python.py:237} INFO - Done. Returned value was: None
[2025-11-27T19:25:25.089+0000] {taskinstance.py:441} INFO - ::group::Post task execution logs
[2025-11-27T19:25:25.094+0000] {taskinstance.py:1206} INFO - Marking task as SUCCESS. dag_id=ingest_data_dag, task_id=send_alerts, run_id=scheduled__2025-11-27T19:24:00+00:00, execution_date=20251127T192400, start_date=20251127T192524, end_date=20251127T192525
[2025-11-27T19:25:25.146+0000] {local_task_job_runner.py:240} INFO - Task exited with return code 0
[2025-11-27T19:25:25.155+0000] {taskinstance.py:3498} INFO - 0 downstream tasks scheduled from follow-on schedule check
[2025-11-27T19:25:25.156+0000] {local_task_job_runner.py:222} INFO - ::endgroup::
